Reading input ...
Performing normalization ...
Writing out ...

Reading parameters for genome..........................

Finish reading parameters for genome.

Reading contact data, this probably takes some time !...........................

Finish reading contact data.

Reading files takes: 26 seconds 
Number of processors:16
Learning rate is:3.125E-5
Iteration 1, current objective function:178061475.5898520, length of gradient 48407.8502482
Iteration 2, current objective function:178073504.8978177, length of gradient 27518.1176408
Iteration 3, current objective function:178079166.8520816, length of gradient 19247.6402084
Iteration 4, current objective function:178082436.3729186, length of gradient 14248.1839671
Iteration 5, current objective function:178084564.1053810, length of gradient 10884.0529025
Iteration 6, current objective function:178086076.2054467, length of gradient 8521.8427383
Iteration 7, current objective function:178087229.1723192, length of gradient 6832.7175251
Iteration 8, current objective function:178088159.8302159, length of gradient 5617.8486765
Iteration 9, current objective function:178088945.9091071, length of gradient 4745.1879216
Iteration 10, current objective function:178089633.7712254, length of gradient 4121.2734633
Iteration 11, current objective function:178090252.2303619, length of gradient 3677.2684445
Iteration 12, current objective function:178090819.8615189, length of gradient 3361.7280901
Iteration 13, current objective function:178091349.0556117, length of gradient 3136.5149662
Iteration 14, current objective function:178091848.3487393, length of gradient 2973.9843480
Iteration 15, current objective function:178092323.8052997, length of gradient 2854.6257910
Iteration 16, current objective function:178092779.8600003, length of gradient 2764.9926186
Iteration 17, current objective function:178093219.8449295, length of gradient 2695.9734629
Iteration 18, current objective function:178093646.3265176, length of gradient 2641.4521679
Iteration 19, current objective function:178094061.3267342, length of gradient 2597.3318380
Iteration 20, current objective function:178094466.4711912, length of gradient 2560.8567722
Iteration 21, current objective function:178094863.0909514, length of gradient 2530.1557092
Iteration 22, current objective function:178095252.2938769, length of gradient 2503.9403284
Iteration 23, current objective function:178095635.0158794, length of gradient 2481.3083338
Iteration 24, current objective function:178096012.0584773, length of gradient 2461.6155098
Iteration 25, current objective function:178096384.1169164, length of gradient 2444.3925502
Iteration 26, current objective function:178096751.8016217, length of gradient 2429.2907961
Iteration 27, current objective function:178097115.6548892, length of gradient 2416.0465793
Iteration 28, current objective function:178097476.1641080, length of gradient 2404.4575559
Iteration 29, current objective function:178097833.7723942, length of gradient 2394.3668098
Iteration 30, current objective function:178098188.8873061, length of gradient 2385.6520109
Iteration 31, current objective function:178098541.8880950, length of gradient 2378.2179071
Iteration 32, current objective function:178098893.1318179, length of gradient 2371.9910208
Iteration 33, current objective function:178099242.9585921, length of gradient 2366.9158354
Iteration 34, current objective function:178099591.6961615, length of gradient 2362.9519857
Iteration 35, current objective function:178099939.6639060, length of gradient 2360.0721383
Iteration 36, current objective function:178100287.1764458, length of gradient 2358.2603373
Iteration 37, current objective function:178100634.5468455, length of gradient 2357.5106622
Iteration 38, current objective function:178100982.0895336, length of gradient 2357.8260753
Iteration 39, current objective function:178101330.1229300, length of gradient 2359.2173688
Iteration 40, current objective function:178101678.9717930, length of gradient 2361.7021281
Iteration 41, current objective function:178102028.9692807, length of gradient 2365.3036415
Iteration 42, current objective function:178102380.4586881, length of gradient 2370.0496865
Iteration 43, current objective function:178102733.7948044, length of gradient 2375.9711327
Iteration 44, current objective function:178103089.3448155, length of gradient 2383.1003014
Iteration 45, current objective function:178103447.4886642, length of gradient 2391.4690357
Iteration 46, current objective function:178103808.6187431, length of gradient 2401.1064495
Iteration 47, current objective function:178104173.1388245, length of gradient 2412.0363503
Iteration 48, current objective function:178104541.4620823, length of gradient 2424.2743640
Iteration 49, current objective function:178104914.0081427, length of gradient 2437.8248420
Iteration 50, current objective function:178105291.1990416, length of gradient 2452.6776852
Iteration 51, current objective function:178105673.4541376, length of gradient 2468.8052849
Iteration 52, current objective function:178106061.1839827, length of gradient 2486.1598425
Iteration 53, current objective function:178106454.7833755, length of gradient 2504.6713784
Iteration 54, current objective function:178106854.6238326, length of gradient 2524.2467568
Iteration 55, current objective function:178107261.0459006, length of gradient 2544.7700313
Iteration 56, current objective function:178107674.3517552, length of gradient 2566.1043337
Iteration 57, current objective function:178108094.7987054, length of gradient 2588.0953929
Iteration 58, current objective function:178108522.5940646, length of gradient 2610.5765930
Iteration 59, current objective function:178108957.8919436, length of gradient 2633.3752816
Iteration 60, current objective function:178109400.7922909, length of gradient 2656.3198695
Iteration 61, current objective function:178109851.3423680, length of gradient 2679.2471546
Iteration 62, current objective function:178110309.5406585, length of gradient 2702.0092869
Iteration 63, current objective function:178110775.3430250, length of gradient 2724.4798756
Iteration 64, current objective function:178111248.6708044, length of gradient 2746.5589054
Iteration 65, current objective function:178111729.4204630, length of gradient 2768.1763314
Iteration 66, current objective function:178112217.4744065, length of gradient 2789.2944118
Iteration 67, current objective function:178112712.7126079, length of gradient 2809.9089484
Iteration 68, current objective function:178113215.0246819, length of gradient 2830.0495730
Iteration 69, current objective function:178113724.3219975, length of gradient 2849.7790029
Iteration 70, current objective function:178114240.5491635, length of gradient 2869.1908469
Iteration 71, current objective function:178114763.6940225, length of gradient 2888.4052076
Iteration 72, current objective function:178115293.7948866, length of gradient 2907.5612739
Iteration 73, current objective function:178115830.9437404, length of gradient 2926.8065423
Iteration 74, current objective function:178116375.2843881, length of gradient 2946.2832756
Iteration 75, current objective function:178116927.0052599, length of gradient 2966.1140169
Iteration 76, current objective function:178117486.3276325, length of gradient 2986.3889213
Iteration 77, current objective function:178118053.4911610, length of gradient 3007.1578920
Iteration 78, current objective function:178118628.7394026, length of gradient 3028.4298788
Iteration 79, current objective function:178119212.3084996, length of gradient 3050.1804429
Iteration 80, current objective function:178119804.4220465, length of gradient 3072.3672274
Iteration 81, current objective function:178120405.2945569, length of gradient 3094.9516622
Iteration 82, current objective function:178121015.1450458, length of gradient 3117.9242512
Iteration 83, current objective function:178121634.2209461, length of gradient 3141.3302090
Iteration 84, current objective function:178122262.8313988, length of gradient 3165.2920912
Iteration 85, current objective function:178122901.3877147, length of gradient 3190.0264844
Iteration 86, current objective function:178123550.4482709, length of gradient 3215.8528200
Iteration 87, current objective function:178124210.7648453, length of gradient 3243.1937940
Iteration 88, current objective function:178124883.3279839, length of gradient 3272.5683686
Iteration 89, current objective function:178125569.4098807, length of gradient 3304.5794476
Iteration 90, current objective function:178126270.6042388, length of gradient 3339.8987163
Iteration 91, current objective function:178126988.8635064, length of gradient 3379.2507273
Iteration 92, current objective function:178127726.5340779, length of gradient 3423.3972956
Iteration 93, current objective function:178128486.3899685, length of gradient 3473.1220118
Iteration 94, current objective function:178129271.6646353, length of gradient 3529.2136527
Iteration 95, current objective function:178130086.0797132, length of gradient 3592.4468025
Iteration 96, current objective function:178130933.8682911, length of gradient 3663.5583327
Iteration 97, current objective function:178131819.7897586, length of gradient 3743.2194914
Iteration 98, current objective function:178132749.1330306, length of gradient 3832.0049736
Iteration 99, current objective function:178133727.7053899, length of gradient 3930.3618126
Iteration 100, current objective function:178134761.8047238, length of gradient 4038.5812931
Iteration 101, current objective function:178135858.1725513, length of gradient 4156.7753466
Iteration 102, current objective function:178137023.9227880, length of gradient 4284.8548278
Iteration 103, current objective function:178138266.4359141, length of gradient 4422.5021457
Iteration 104, current objective function:178139593.2014713, length of gradient 4569.1284012
Iteration 105, current objective function:178141011.5877395, length of gradient 4723.8096877
Iteration 106, current objective function:178142528.5222628, length of gradient 4885.2106128
Iteration 107, current objective function:178144150.0861081, length of gradient 5051.5219820
Iteration 108, current objective function:178145881.0572425, length of gradient 5220.4539231
Iteration 109, current objective function:178147724.4737264, length of gradient 5389.3225622
Iteration 110, current objective function:178149681.3059569, length of gradient 5555.2406328
Iteration 111, current objective function:178151750.3126592, length of gradient 5715.3783619
Iteration 112, current objective function:178153928.1067107, length of gradient 5867.2238355
Iteration 113, current objective function:178156209.3934055, length of gradient 6008.7648731
Iteration 114, current objective function:178158587.2944117, length of gradient 6138.5422980
Iteration 115, current objective function:178161053.6588927, length of gradient 6255.5737403
Iteration 116, current objective function:178163599.2973532, length of gradient 6359.1985849
Iteration 117, current objective function:178166214.1416408, length of gradient 6448.9296928
Iteration 118, current objective function:178168887.4025508, length of gradient 6524.3967428
Iteration 119, current objective function:178171607.8218949, length of gradient 6585.4191424
Iteration 120, current objective function:178174364.0737012, length of gradient 6632.1690267
Iteration 121, current objective function:178177145.2779863, length of gradient 6665.3211591
Iteration 122, current objective function:178179941.5107006, length of gradient 6686.0857841
Iteration 123, current objective function:178182744.1843652, length of gradient 6696.0931086
Iteration 124, current objective function:178185546.2398805, length of gradient 6697.1911103
Iteration 125, current objective function:178188342.1752074, length of gradient 6691.2571866
Iteration 126, current objective function:178191127.9813591, length of gradient 6680.0876641
Iteration 127, current objective function:178193901.0463696, length of gradient 6665.3634037
Iteration 128, current objective function:178196660.0512590, length of gradient 6648.6495194
Iteration 129, current objective function:178199404.8518444, length of gradient 6631.3883446
Iteration 130, current objective function:178202136.3314577, length of gradient 6614.8691997
Iteration 131, current objective function:178204856.2185476, length of gradient 6600.1828677
Iteration 132, current objective function:178207566.8793229, length of gradient 6588.1810247
Iteration 133, current objective function:178210271.1088609, length of gradient 6579.4604166
Iteration 134, current objective function:178212971.9483938, length of gradient 6574.3819495
Iteration 135, current objective function:178215672.5494863, length of gradient 6573.1204862
Iteration 136, current objective function:178218376.0897123, length of gradient 6575.7277368
Iteration 137, current objective function:178221085.7262181, length of gradient 6582.1847073
Iteration 138, current objective function:178223804.5613674, length of gradient 6592.4252907
Iteration 139, current objective function:178226535.5938170, length of gradient 6606.3261124
Iteration 140, current objective function:178229281.6380406, length of gradient 6623.6722263
Iteration 141, current objective function:178232045.2099916, length of gradient 6644.1165783
Iteration 142, current objective function:178234828.3902293, length of gradient 6667.1511085
Iteration 143, current objective function:178237632.6848241, length of gradient 6692.1016639
Iteration 144, current objective function:178240458.9077542, length of gradient 6718.1515531
Iteration 145, current objective function:178243307.1070802, length of gradient 6744.3919749
Iteration 146, current objective function:178246176.5512638, length of gradient 6769.8922328
Iteration 147, current objective function:178249065.7824364, length of gradient 6793.7785253
Iteration 148, current objective function:178251972.7312736, length of gradient 6815.3074587
Iteration 149, current objective function:178254894.8757343, length of gradient 6833.9200979
Iteration 150, current objective function:178257829.4165298, length of gradient 6849.2654325
Iteration 151, current objective function:178260773.4392672, length of gradient 6861.1889064
Iteration 152, current objective function:178263724.0384135, length of gradient 6869.6906314
Iteration 153, current objective function:178266678.3895995, length of gradient 6874.8656311
Iteration 154, current objective function:178269633.7702431, length of gradient 6876.8415523
Iteration 155, current objective function:178272587.5393521, length of gradient 6875.7270984
Iteration 156, current objective function:178275537.0944651, length of gradient 6871.5798306
Iteration 157, current objective function:178278479.8281254, length of gradient 6864.3986652
Iteration 158, current objective function:178281413.1098180, length of gradient 6854.1453930
Iteration 159, current objective function:178284334.3200100, length of gradient 6840.7979321
Iteration 160, current objective function:178287240.9566427, length of gradient 6824.4315352
Iteration 161, current objective function:178290130.8168879, length of gradient 6805.3118388
Iteration 162, current objective function:178293002.2302655, length of gradient 6783.9706703
Iteration 163, current objective function:178295854.2934058, length of gradient 6761.2314295
Iteration 164, current objective function:178298687.0453710, length of gradient 6738.1627718
Iteration 165, current objective function:178301501.5344355, length of gradient 6715.9648612
Iteration 166, current objective function:178304299.7582157, length of gradient 6695.8188986
Iteration 167, current objective function:178307084.4947007, length of gradient 6678.7431737
Iteration 168, current objective function:178309859.0665371, length of gradient 6665.4917770
Iteration 169, current objective function:178312627.0871569, length of gradient 6656.5118650
Iteration 170, current objective function:178315392.2280647, length of gradient 6651.9542460
Iteration 171, current objective function:178318158.0298220, length of gradient 6651.7191327
Iteration 172, current objective function:178320927.7628663, length of gradient 6655.5162493
Iteration 173, current objective function:178323704.3328070, length of gradient 6662.9228863
Iteration 174, current objective function:178326490.2190787, length of gradient 6673.4303841
Iteration 175, current objective function:178329287.4347521, length of gradient 6686.4758455
Iteration 176, current objective function:178332097.4977649, length of gradient 6701.4607286
Iteration 177, current objective function:178334921.4091162, length of gradient 6717.7616734
Iteration 178, current objective function:178337759.6405666, length of gradient 6734.7415559
Iteration 179, current objective function:178340612.1417249, length of gradient 6751.7696174
Iteration 180, current objective function:178343478.3811024, length of gradient 6768.2573336
Iteration 181, current objective function:178346357.4349235, length of gradient 6783.7108648
Iteration 182, current objective function:178349248.1292689, length of gradient 6797.7925960
Iteration 183, current objective function:178352149.2270912, length of gradient 6810.3766339
Iteration 184, current objective function:178355059.6366551, length of gradient 6821.5803874
Iteration 185, current objective function:178357978.6084952, length of gradient 6831.7592409
Iteration 186, current objective function:178360905.8893017, length of gradient 6841.4626458
Iteration 187, current objective function:178363841.8122969, length of gradient 6851.3624542
Iteration 188, current objective function:178366787.3199802, length of gradient 6862.1718694
Iteration 189, current objective function:178369743.9294673, length of gradient 6874.5730465
Iteration 190, current objective function:178372713.6583460, length of gradient 6889.1646650
Iteration 191, current objective function:178375698.9290555, length of gradient 6906.4316792
Iteration 192, current objective function:178378702.4639900, length of gradient 6926.7318567
Iteration 193, current objective function:178381727.1758331, length of gradient 6950.2902468
Iteration 194, current objective function:178384776.0520541, length of gradient 6977.1941530
Iteration 195, current objective function:178387852.0310790, length of gradient 7007.3859751
Iteration 196, current objective function:178390957.8699223, length of gradient 7040.6560329
Iteration 197, current objective function:178394096.0060342, length of gradient 7076.6390716
Iteration 198, current objective function:178397268.4171277, length of gradient 7114.8161185
Iteration 199, current objective function:178400476.4820262, length of gradient 7154.5204949
Iteration 200, current objective function:178403720.8460762, length of gradient 7194.9469893
Iteration 201, current objective function:178407001.3004669, length of gradient 7235.1681490
Iteration 202, current objective function:178410316.6960676, length of gradient 7274.1683159
Iteration 203, current objective function:178413664.9234279, length of gradient 7310.9078203
Iteration 204, current objective function:178417042.9918614, length of gradient 7344.4215045
Iteration 205, current objective function:178420447.2258416, length of gradient 7373.9394289
Iteration 206, current objective function:178423873.5691934, length of gradient 7399.0026045
Iteration 207, current objective function:178427317.9583767, length of gradient 7419.5427829
Iteration 208, current objective function:178430776.7078496, length of gradient 7435.9049128
Iteration 209, current objective function:178434246.8486041, length of gradient 7448.8075736
Iteration 210, current objective function:178437726.3738442, length of gradient 7459.2522148
Iteration 211, current objective function:178441214.3666189, length of gradient 7468.4014141
Iteration 212, current objective function:178444711.0055625, length of gradient 7477.4483821
Iteration 213, current objective function:178448217.4613823, length of gradient 7487.4959460
Iteration 214, current objective function:178451735.7061624, length of gradient 7499.4566974
Iteration 215, current objective function:178455268.2626176, length of gradient 7513.9808384
Iteration 216, current objective function:178458817.9242406, length of gradient 7531.4165732
Iteration 217, current objective function:178462387.4822355, length of gradient 7551.8086397
Iteration 218, current objective function:178465979.5000075, length of gradient 7574.9406504
Iteration 219, current objective function:178469596.1770608, length of gradient 7600.4231129
Iteration 220, current objective function:178473239.3361111, length of gradient 7627.8200520
Iteration 221, current objective function:178476910.5480780, length of gradient 7656.7951324
Iteration 222, current objective function:178480611.3820843, length of gradient 7687.2484678
Iteration 223, current objective function:178484343.7401601, length of gradient 7719.4138951
Iteration 224, current objective function:178488110.2189626, length of gradient 7753.8957281
Iteration 225, current objective function:178491914.4387887, length of gradient 7791.6399831
Iteration 226, current objective function:178495761.2910373, length of gradient 7833.8500962
Iteration 227, current objective function:178499657.0723271, length of gradient 7881.8651958
Iteration 228, current objective function:178503609.4887217, length of gradient 7937.0192227
Iteration 229, current objective function:178507627.5236481, length of gradient 8000.4947185
Iteration 230, current objective function:178511721.1671211, length of gradient 8073.1797520
Iteration 231, current objective function:178515901.0047563, length of gradient 8155.5328055
Iteration 232, current objective function:178520177.6656009, length of gradient 8247.4595806
Iteration 233, current objective function:178524561.1311590, length of gradient 8348.2069723
Iteration 234, current objective function:178529059.9139174, length of gradient 8456.2804557
Iteration 235, current objective function:178533680.1179885, length of gradient 8569.3881251
Iteration 236, current objective function:178538424.3904850, length of gradient 8684.4043872
Iteration 237, current objective function:178543290.7638595, length of gradient 8797.3348850
Iteration 238, current objective function:178548271.4177562, length of gradient 8903.2808020
Iteration 239, current objective function:178553351.5138746, length of gradient 8996.4744715
Iteration 240, current objective function:178558508.4600617, length of gradient 9070.5414445
Iteration 241, current objective function:178563712.0738713, length of gradient 9119.1103145
Iteration 242, current objective function:178568925.9502823, length of gradient 9136.6915149
Iteration 243, current objective function:178574109.9049215, length of gradient 9119.5194646
Iteration 244, current objective function:178579222.9412873, length of gradient 9066.0168229
Iteration 245, current objective function:178584226.0912543, length of gradient 8976.7653554
Iteration 246, current objective function:178589084.7229220, length of gradient 8854.1603976
Iteration 247, current objective function:178593770.2114009, length of gradient 8702.0113670
Iteration 248, current objective function:178598260.9680490, length of gradient 8525.1876111
Iteration 249, current objective function:178602542.7538761, length of gradient 8329.2112349
Iteration 250, current objective function:178606608.1983503, length of gradient 8119.6922145
Iteration 251, current objective function:178610455.6463664, length of gradient 7901.7001260
Iteration 252, current objective function:178614087.7250910, length of gradient 7679.3439771
Iteration 253, current objective function:178617510.0952497, length of gradient 7455.7621554
Iteration 254, current objective function:178620730.6446320, length of gradient 7233.4566810
Iteration 255, current objective function:178623759.0656797, length of gradient 7014.6907586
Iteration 256, current objective function:178626606.5717072, length of gradient 6801.6832206
Iteration 257, current objective function:178629285.5445297, length of gradient 6596.5386962
Iteration 258, current objective function:178631809.0727474, length of gradient 6401.0529544
Iteration 259, current objective function:178634190.4698469, length of gradient 6216.5721508
Iteration 260, current objective function:178636442.8793869, length of gradient 6043.9855077
Iteration 261, current objective function:178638579.0187584, length of gradient 5883.8208773
Iteration 262, current objective function:178640611.0518715, length of gradient 5736.3709362
Iteration 263, current objective function:178642550.5511209, length of gradient 5601.7962954
Iteration 264, current objective function:178644408.5090763, length of gradient 5480.1885697
Iteration 265, current objective function:178646195.3743197, length of gradient 5371.6018420
Iteration 266, current objective function:178647921.0993457, length of gradient 5276.0678680
Iteration 267, current objective function:178649595.1955827, length of gradient 5193.6052669
Iteration 268, current objective function:178651226.7912568, length of gradient 5124.2245141
Iteration 269, current objective function:178652824.6838541, length of gradient 5067.9231580
Iteration 270, current objective function:178654397.3711876, length of gradient 5024.6595055
Iteration 271, current objective function:178655953.0343647, length of gradient 4994.2878231
Iteration 272, current objective function:178657499.4341025, length of gradient 4976.4360922
Iteration 273, current objective function:178659043.6746257, length of gradient 4970.3136925
Iteration 274, current objective function:178660591.7972357, length of gradient 4974.4583676
Iteration 275, current objective function:178662148.2049147, length of gradient 4986.4765366
Iteration 276, current objective function:178663715.0026508, length of gradient 5002.8950549
Iteration 277, current objective function:178665291.4505803, length of gradient 5019.2909617
Iteration 278, current objective function:178666873.8005560, length of gradient 5030.8248912
Iteration 279, current objective function:178668455.7232576, length of gradient 5033.1194743
Iteration 280, current objective function:178670029.3051993, length of gradient 5023.1749218
Iteration 281, current objective function:178671586.3283129, length of gradient 4999.9154849
Iteration 282, current objective function:178673119.4303826, length of gradient 4964.1438062
Iteration 283, current objective function:178674622.8506524, length of gradient 4918.0030633
Iteration 284, current objective function:178676092.6830238, length of gradient 4864.2473206
Iteration 285, current objective function:178677526.7405747, length of gradient 4805.6041352
Iteration 286, current objective function:178678924.2115310, length of gradient 4744.3791598
Iteration 287, current objective function:178680285.2703958, length of gradient 4682.3159242
Iteration 288, current objective function:178681610.7415848, length of gradient 4620.6330074
Iteration 289, current objective function:178682901.8430161, length of gradient 4560.1308259
Iteration 290, current objective function:178684159.9978435, length of gradient 4501.2916316
Iteration 291, current objective function:178685386.6999801, length of gradient 4444.3566228
Iteration 292, current objective function:178686583.4333176, length of gradient 4389.4034288
Iteration 293, current objective function:178687751.6535491, length of gradient 4336.4466376
Iteration 294, current objective function:178688892.8336795, length of gradient 4285.5573118
Iteration 295, current objective function:178690008.5492899, length of gradient 4236.9606250
Iteration 296, current objective function:178691100.5531711, length of gradient 4191.0516588
Iteration 297, current objective function:178692170.7873924, length of gradient 4148.3014179
Iteration 298, current objective function:178693221.3134440, length of gradient 4109.0948063
Iteration 299, current objective function:178694254.1873552, length of gradient 4073.5906639
Iteration 300, current objective function:178695271.3365224, length of gradient 4041.6821040
Iteration 301, current objective function:178696274.4908602, length of gradient 4013.0748834
Iteration 302, current objective function:178697265.1870679, length of gradient 3987.4320494
Iteration 303, current objective function:178698244.8226866, length of gradient 3964.4970685
Iteration 304, current objective function:178699214.7130568, length of gradient 3944.1289538
Iteration 305, current objective function:178700176.1122351, length of gradient 3926.2458036
Iteration 306, current objective function:178701130.1881260, length of gradient 3910.7289820
Iteration 307, current objective function:178702077.9699716, length of gradient 3897.3514631
Iteration 308, current objective function:178703020.2988316, length of gradient 3885.7669834
Iteration 309, current objective function:178703957.8075735, length of gradient 3875.5605944
Iteration 310, current objective function:178704890.9412597, length of gradient 3866.3329763
Iteration 311, current objective function:178705820.0097486, length of gradient 3857.7776074
Iteration 312, current objective function:178706745.2524761, length of gradient 3849.7191779
Iteration 313, current objective function:178707666.8967812, length of gradient 3842.1090415
Iteration 314, current objective function:178708585.2018529, length of gradient 3834.9974113
Iteration 315, current objective function:178709500.4899958, length of gradient 3828.5053900
Iteration 316, current objective function:178710413.1690822, length of gradient 3822.8058683
Iteration 317, current objective function:178711323.7456763, length of gradient 3818.1061296
Iteration 318, current objective function:178712232.8228259, length of gradient 3814.6194959
Iteration 319, current objective function:178713141.0756176, length of gradient 3812.5207585
Iteration 320, current objective function:178714049.2029735, length of gradient 3811.8937262
Iteration 321, current objective function:178714957.8632840, length of gradient 3812.6900480
Iteration 322, current objective function:178715867.6086392, length of gradient 3814.7177843
Iteration 323, current objective function:178716778.8322069, length of gradient 3817.6636554
Iteration 324, current objective function:178717691.7368310, length of gradient 3821.1366387
Iteration 325, current objective function:178718606.3270677, length of gradient 3824.7178155
Iteration 326, current objective function:178719522.4241404, length of gradient 3828.0094607
Iteration 327, current objective function:178720439.7009474, length of gradient 3830.6795208
Iteration 328, current objective function:178721357.7288843, length of gradient 3832.4917243
Iteration 329, current objective function:178722276.0235666, length of gradient 3833.3096715
Iteration 330, current objective function:178723194.0785731, length of gradient 3833.0748342
Iteration 331, current objective function:178724111.3850807, length of gradient 3831.7749093
Iteration 332, current objective function:178725027.4442165, length of gradient 3829.4235412
Iteration 333, current objective function:178725941.7805038, length of gradient 3826.0594430
Iteration 334, current objective function:178726853.9595693, length of gradient 3821.7557859
Iteration 335, current objective function:178727763.6075408, length of gradient 3816.6263936
Iteration 336, current objective function:178728670.4276086, length of gradient 3810.8227048
Iteration 337, current objective function:178729574.2092947, length of gradient 3804.5211980
Iteration 338, current objective function:178730474.8273375, length of gradient 3797.9027139
Iteration 339, current objective function:178731372.2317383, length of gradient 3791.1311004
Iteration 340, current objective function:178732266.4374134, length of gradient 3784.3461644
Iteration 341, current objective function:178733157.5248281, length of gradient 3777.6815118
Iteration 342, current objective function:178734045.6565898, length of gradient 3771.2991564
Iteration 343, current objective function:178734931.1030813, length of gradient 3765.4159738
Iteration 344, current objective function:178735814.2621812, length of gradient 3760.2997228
Iteration 345, current objective function:178736695.6608791, length of gradient 3756.2341328
Iteration 346, current objective function:178737575.9369226, length of gradient 3753.4735470
Iteration 347, current objective function:178738455.8066230, length of gradient 3752.2083290
Iteration 348, current objective function:178739336.0248732, length of gradient 3752.5453976
Iteration 349, current objective function:178740217.3389050, length of gradient 3754.4945890
Iteration 350, current objective function:178741100.4361085, length of gradient 3757.9549383
Iteration 351, current objective function:178741985.8910172, length of gradient 3762.7087477
Iteration 352, current objective function:178742874.1230629, length of gradient 3768.4384004
Iteration 353, current objective function:178743765.3775997, length of gradient 3774.7720182
Iteration 354, current objective function:178744659.7352623, length of gradient 3781.3453476
Iteration 355, current objective function:178745557.1427360, length of gradient 3787.8542293
Iteration 356, current objective function:178746457.4500271, length of gradient 3794.0764861
Iteration 357, current objective function:178747360.4402787, length of gradient 3799.8608858
Iteration 358, current objective function:178748265.8456034, length of gradient 3805.0979324
Iteration 359, current objective function:178749173.3504285, length of gradient 3809.6905921
Iteration 360, current objective function:178750082.5892923, length of gradient 3813.5374375
Iteration 361, current objective function:178750993.1506667, length of gradient 3816.5377560
Iteration 362, current objective function:178751904.6016108, length of gradient 3818.6271930
Iteration 363, current objective function:178752816.5443350, length of gradient 3819.8416125
Iteration 364, current objective function:178753728.7010083, length of gradient 3820.3839558
Iteration 365, current objective function:178754641.0018953, length of gradient 3820.6501776
Iteration 366, current objective function:178755553.6370386, length of gradient 3821.1753844
Iteration 367, current objective function:178756467.0347275, length of gradient 3822.4948240
Iteration 368, current objective function:178757381.7532390, length of gradient 3824.9596683
Iteration 369, current objective function:178758298.3035691, length of gradient 3828.5747699
Iteration 370, current objective function:178759216.9441419, length of gradient 3832.9161374
Iteration 371, current objective function:178760137.4945839, length of gradient 3837.1501183
Iteration 372, current objective function:178761059.2077884, length of gradient 3840.1408243
Iteration 373, current objective function:178761980.7249323, length of gradient 3840.6139207
Iteration 374, current objective function:178762900.1222794, length of gradient 3837.3420281
Iteration 375, current objective function:178763815.0434407, length of gradient 3829.3207953
Iteration 376, current objective function:178764722.8972247, length of gradient 3815.9103567
Iteration 377, current objective function:178765621.0908223, length of gradient 3796.9236659
Iteration 378, current objective function:178766507.2618569, length of gradient 3772.6497411
Iteration 379, current objective function:178767379.4719077, length of gradient 3743.8063171
Iteration 380, current objective function:178768236.3309509, length of gradient 3711.4268502
Iteration 381, current objective function:178769077.0365225, length of gradient 3676.7016962
Iteration 382, current objective function:178769901.3293033, length of gradient 3640.8047005
Iteration 383, current objective function:178770709.3821056, length of gradient 3604.7374263
Iteration 384, current objective function:178771501.6481917, length of gradient 3569.2154561
Iteration 385, current objective function:178772278.6976980, length of gradient 3534.6105840
Iteration 386, current objective function:178773041.0694872, length of gradient 3500.9534424
Iteration 387, current objective function:178773789.1615519, length of gradient 3467.9938330
Iteration 388, current objective function:178774523.1763808, length of gradient 3435.3087171
Iteration 389, current objective function:178775243.1274964, length of gradient 3402.4385437
Iteration 390, current objective function:178775948.9005317, length of gradient 3369.0233839
Iteration 391, current objective function:178776640.3497427, length of gradient 3334.9072755
Iteration 392, current objective function:178777317.4038214, length of gradient 3300.1873037
Iteration 393, current objective function:178777980.1561629, length of gradient 3265.2018261
Iteration 394, current objective function:178778628.9236718, length of gradient 3230.4716856
Iteration 395, current objective function:178779264.2701722, length of gradient 3196.6199736
Iteration 396, current objective function:178779887.0004141, length of gradient 3164.2958475
Iteration 397, current objective function:178780498.1357483, length of gradient 3134.1189583
Iteration 398, current objective function:178781098.8827277, length of gradient 3106.6495627
Iteration 399, current objective function:178781690.6030171, length of gradient 3082.3805650
Iteration 400, current objective function:178782274.7891426, length of gradient 3061.7434346
Iteration 401, current objective function:178782853.0472316, length of gradient 3045.1195483
Iteration 402, current objective function:178783427.0855353, length of gradient 3032.8503659
Iteration 403, current objective function:178783998.7063050, length of gradient 3025.2423596
Iteration 404, current objective function:178784569.7979510, length of gradient 3022.5646696
Iteration 405, current objective function:178785142.3241835, length of gradient 3025.0386671
Iteration 406, current objective function:178785718.3066197, length of gradient 3032.8192048
Iteration 407, current objective function:178786299.7971353, length of gradient 3045.9678099
Iteration 408, current objective function:178786888.8363723, length of gradient 3064.4188616
Iteration 409, current objective function:178787487.3952637, length of gradient 3087.9411012
Iteration 410, current objective function:178788097.2978506, length of gradient 3116.0986496
Iteration 411, current objective function:178788720.1260911, length of gradient 3148.2178608
Iteration 412, current objective function:178789357.1111918, length of gradient 3183.3683860
Iteration 413, current objective function:178790009.0209477, length of gradient 3220.3680386
Iteration 414, current objective function:178790676.0577331, length of gradient 3257.8203874
Iteration 415, current objective function:178791357.7857873, length of gradient 3294.1903737
Iteration 416, current objective function:178792053.1068807, length of gradient 3327.9161076
Iteration 417, current objective function:178792760.2986077, length of gradient 3357.5452206
Iteration 418, current objective function:178793477.1191174, length of gradient 3381.8744473
Iteration 419, current objective function:178794200.9680577, length of gradient 3400.0655207
Iteration 420, current objective function:178794929.0803323, length of gradient 3411.7125420
Iteration 421, current objective function:178795658.7218765, length of gradient 3416.8465424
Iteration 422, current objective function:178796387.3576994, length of gradient 3415.8788880
Iteration 423, current objective function:178797112.7716843, length of gradient 3409.5005051
Iteration 424, current objective function:178797833.1307874, length of gradient 3398.5627642
Iteration 425, current objective function:178798546.9986661, length of gradient 3383.9655925
Iteration 426, current objective function:178799253.3116486, length of gradient 3366.5705976
Iteration 427, current objective function:178799951.3322887, length of gradient 3347.1461849
Iteration 428, current objective function:178800640.5940129, length of gradient 3326.3423875
Iteration 429, current objective function:178801320.8463403, length of gradient 3304.6879563
Iteration 430, current objective function:178801992.0062599, length of gradient 3282.6011810
Iteration 431, current objective function:178802654.1181532, length of gradient 3260.4074193
Iteration 432, current objective function:178803307.3226650, length of gradient 3238.3585954
Iteration 433, current objective function:178803951.8338041, length of gradient 3216.6518471
Iteration 434, current objective function:178804587.9229276, length of gradient 3195.4457121
Iteration 435, current objective function:178805215.9079911, length of gradient 3174.8729516
Iteration 436, current objective function:178805836.1464185, length of gradient 3155.0496247
Iteration 437, current objective function:178806449.0300454, length of gradient 3136.0805109
Iteration 438, current objective function:178807054.9809897, length of gradient 3118.0614161
Iteration 439, current objective function:178807654.4475370, length of gradient 3101.0791807
Iteration 440, current objective function:178808247.8996889, length of gradient 3085.2103038
Iteration 441, current objective function:178808835.8241572, length of gradient 3070.5190228
Iteration 442, current objective function:178809418.7189384, length of gradient 3057.0555027
Iteration 443, current objective function:178809997.0876684, length of gradient 3044.8545744
Iteration 444, current objective function:178810571.4340659, length of gradient 3033.9352468
Iteration 445, current objective function:178811142.2566904, length of gradient 3024.3010409
Iteration 446, current objective function:178811710.0442993, length of gradient 3015.9410715
Iteration 447, current objective function:178812275.2719022, length of gradient 3008.8317267
Iteration 448, current objective function:178812838.3976820, length of gradient 3002.9387672
Iteration 449, current objective function:178813399.8607651, length of gradient 2998.2196682
Iteration 450, current objective function:178813960.0798738, length of gradient 2994.6260442
Iteration 451, current objective function:178814519.4528025, length of gradient 2992.1060234
Iteration 452, current objective function:178815078.3566106, length of gradient 2990.6064663
Iteration 453, current objective function:178815637.1484880, length of gradient 2990.0749451
Iteration 454, current objective function:178816196.1671381, length of gradient 2990.4614181
Iteration 455, current objective function:178816755.7345626, length of gradient 2991.7195407
Iteration 456, current objective function:178817316.1580583, length of gradient 2993.8075534
Iteration 457, current objective function:178817877.7323181, length of gradient 2996.6886792
Iteration 458, current objective function:178818440.7413469, length of gradient 3000.3309626
Iteration 459, current objective function:178819005.4600194, length of gradient 3004.7064881
Iteration 460, current objective function:178819572.1550162, length of gradient 3009.7899412
Iteration 461, current objective function:178820141.0848986, length of gradient 3015.5565224
Iteration 462, current objective function:178820712.4991099, length of gradient 3021.9792782
Iteration 463, current objective function:178821286.6357239, length of gradient 3029.0259835
Iteration 464, current objective function:178821863.7178693, length of gradient 3036.6557662
Iteration 465, current objective function:178822443.9487877, length of gradient 3044.8157113
Iteration 466, current objective function:178823027.5056364, length of gradient 3053.4377055
Iteration 467, current objective function:178823614.5322209, length of gradient 3062.4357846
Iteration 468, current objective function:178824205.1309346, length of gradient 3071.7042255
Iteration 469, current objective function:178824799.3542816, length of gradient 3081.1165942
Iteration 470, current objective function:178825397.1964385, length of gradient 3090.5259154
Iteration 471, current objective function:178825998.5853753, length of gradient 3099.7660828
Iteration 472, current objective function:178826603.3760544, length of gradient 3108.6545708
Iteration 473, current objective function:178827211.3453302, length of gradient 3116.9964391
Iteration 474, current objective function:178827822.1889996, length of gradient 3124.5895410
Iteration 475, current objective function:178828435.5215864, length of gradient 3131.2307469
Iteration 476, current objective function:178829050.8790535, length of gradient 3136.7228988
Iteration 477, current objective function:178829667.7247255, length of gradient 3140.8821184
Iteration 478, current objective function:178830285.4583302, length of gradient 3143.5450269
Iteration 479, current objective function:178830903.4278806, length of gradient 3144.5753983
Iteration 480, current objective function:178831520.9439448, length of gradient 3143.8697767
Iteration 481, current objective function:178832137.2955557, length of gradient 3141.3616334
Iteration 482, current objective function:178832751.7669915, length of gradient 3137.0237292
Iteration 483, current objective function:178833363.6544302, length of gradient 3130.8684771
Iteration 484, current objective function:178833972.2816074, length of gradient 3122.9462612
Iteration 485, current objective function:178834577.0136220, length of gradient 3113.3418456
Iteration 486, current objective function:178835177.2682576, length of gradient 3102.1691821
Iteration 487, current objective function:178835772.5243598, length of gradient 3089.5650653
Iteration 488, current objective function:178836362.3271324, length of gradient 3075.6821785
Iteration 489, current objective function:178836946.2904211, length of gradient 3060.6820944
Iteration 490, current objective function:178837524.0963154, length of gradient 3044.7287572
Iteration 491, current objective function:178838095.4924949, length of gradient 3027.9828638
Iteration 492, current objective function:178838660.2879413, length of gradient 3010.5974242
Iteration 493, current objective function:178839218.3475412, length of gradient 2992.7146183
Iteration 494, current objective function:178839769.5861129, length of gradient 2974.4639167
Iteration 495, current objective function:178840313.9623561, length of gradient 2955.9613114
Iteration 496, current objective function:178840851.4729730, length of gradient 2937.3094279
Iteration 497, current objective function:178841382.1472630, length of gradient 2918.5982585
Iteration 498, current objective function:178841906.0422448, length of gradient 2899.9062707
Iteration 499, current objective function:178842423.2383822, length of gradient 2881.3016863
Iteration 500, current objective function:178842933.8358951, length of gradient 2862.8437773
Iteration 501, current objective function:178843437.9515910, length of gradient 2844.5840828
Iteration 502, current objective function:178843935.7161545, length of gradient 2826.5674923
Iteration 503, current objective function:178844427.2718612, length of gradient 2808.8331746
Iteration 504, current objective function:178844912.7705940, length of gradient 2791.4153545
Iteration 505, current objective function:178845392.3721575, length of gradient 2774.3439505
Iteration 506, current objective function:178845866.2428027, length of gradient 2757.6450950
Iteration 507, current objective function:178846334.5539559, length of gradient 2741.3415575
Iteration 508, current objective function:178846797.4810969, length of gradient 2725.4530955
Iteration 509, current objective function:178847255.2027755, length of gradient 2709.9967497
Iteration 510, current objective function:178847707.8997493, length of gradient 2694.9871013
Iteration 511, current objective function:178848155.7542253, length of gradient 2680.4365053
Iteration 512, current objective function:178848598.9491999, length of gradient 2666.3553077
Iteration 513, current objective function:178849037.6679032, length of gradient 2652.7520544
Iteration 514, current objective function:178849472.0933034, length of gradient 2639.6336946
Iteration 515, current objective function:178849902.4077213, length of gradient 2627.0057776
Iteration 516, current objective function:178850328.7925054, length of gradient 2614.8726419
Iteration 517, current objective function:178850751.4277691, length of gradient 2603.2375913
Iteration 518, current objective function:178851170.4921969, length of gradient 2592.1030533
Iteration 519, current objective function:178851586.1629043, length of gradient 2581.4707163
Iteration 520, current objective function:178851998.6153159, length of gradient 2571.3416397
Iteration 521, current objective function:178852408.0230983, length of gradient 2561.7163371
Iteration 522, current objective function:178852814.5580881, length of gradient 2552.5948298
Iteration 523, current objective function:178853218.3902486, length of gradient 2543.9766726
Iteration 524, current objective function:178853619.6876120, length of gradient 2535.8609528
Iteration 525, current objective function:178854018.6162234, length of gradient 2528.2462654
Iteration 526, current objective function:178854415.3400567, length of gradient 2521.1306657
Iteration 527, current objective function:178854810.0209333, length of gradient 2514.5116025
Iteration 528, current objective function:178855202.8183810, length of gradient 2508.3858329
Iteration 529, current objective function:178855593.8894950, length of gradient 2502.7493187
Iteration 530, current objective function:178855983.3887323, length of gradient 2497.5971058
Iteration 531, current objective function:178856371.4676750, length of gradient 2492.9231840
Iteration 532, current objective function:178856758.2747386, length of gradient 2488.7203285
Iteration 533, current objective function:178857143.9548221, length of gradient 2484.9799215
Iteration 534, current objective function:178857528.6488988, length of gradient 2481.6917549
Iteration 535, current objective function:178857912.4935344, length of gradient 2478.8438165
Iteration 536, current objective function:178858295.6203250, length of gradient 2476.4220655
Iteration 537, current objective function:178858678.1552701, length of gradient 2474.4102033
Iteration 538, current objective function:178859060.2180762, length of gradient 2472.7894529
Iteration 539, current objective function:178859441.9213807, length of gradient 2471.5383597
Iteration 540, current objective function:178859823.3699363, length of gradient 2470.6326321
Iteration 541, current objective function:178860204.6597532, length of gradient 2470.0450412
Iteration 542, current objective function:178860585.8772422, length of gradient 2469.7453996
Iteration 543, current objective function:178860967.0983659, length of gradient 2469.7006381
Iteration 544, current objective function:178861348.3878622, length of gradient 2469.8749972
Iteration 545, current objective function:178861729.7985500, length of gradient 2470.2303431
Iteration 546, current objective function:178862111.3707922, length of gradient 2470.7266126
Iteration 547, current objective function:178862493.1321048, length of gradient 2471.3223812
Iteration 548, current objective function:178862875.0970192, length of gradient 2471.9755409
Iteration 549, current objective function:178863257.2671379, length of gradient 2472.6440643
Iteration 550, current objective function:178863639.6314758, length of gradient 2473.2868245
Iteration 551, current objective function:178864022.1670437, length of gradient 2473.8644360
Iteration 552, current objective function:178864404.8396941, length of gradient 2474.3400778
Iteration 553, current objective function:178864787.6052046, length of gradient 2474.6802636
Iteration 554, current objective function:178865170.4105723, length of gradient 2474.8555248
Iteration 555, current objective function:178865553.1954687, length of gradient 2474.8409798
Iteration 556, current objective function:178865935.8938326, length of gradient 2474.6167682
Iteration 557, current objective function:178866318.4355496, length of gradient 2474.1683367
Iteration 558, current objective function:178866700.7481474, length of gradient 2473.4865703
Iteration 559, current objective function:178867082.7584815, length of gradient 2472.5677677
Iteration 560, current objective function:178867464.3943625, length of gradient 2471.4134683
Iteration 561, current objective function:178867845.5860545, length of gradient 2470.0301435
Iteration 562, current objective function:178868226.2676481, length of gradient 2468.4287689
Iteration 563, current objective function:178868606.3782473, length of gradient 2466.6243034
Iteration 564, current objective function:178868985.8629688, length of gradient 2464.6351002
Iteration 565, current objective function:178869364.6737432, length of gradient 2462.4822802
Iteration 566, current objective function:178869742.7698969, length of gradient 2460.1890959
Iteration 567, current objective function:178870120.1185660, length of gradient 2457.7803131
Iteration 568, current objective function:178870496.6949127, length of gradient 2455.2816321
Iteration 569, current objective function:178870872.4821734, length of gradient 2452.7191655
Iteration 570, current objective function:178871247.4716043, length of gradient 2450.1189848
Iteration 571, current objective function:178871621.6622827, length of gradient 2447.5067386
Iteration 572, current objective function:178871995.0608314, length of gradient 2444.9073453
Iteration 573, current objective function:178872367.6810809, length of gradient 2442.3447551
Iteration 574, current objective function:178872739.5436824, length of gradient 2439.8417768
Iteration 575, current objective function:178873110.6756869, length of gradient 2437.4199617
Iteration 576, current objective function:178873481.1101234, length of gradient 2435.0995369
Iteration 577, current objective function:178873850.8855655, length of gradient 2432.8993823
Iteration 578, current objective function:178874220.0457184, length of gradient 2430.8370435
Iteration 579, current objective function:178874588.6390261, length of gradient 2428.9287751
Iteration 580, current objective function:178874956.7182846, length of gradient 2427.1896095
Iteration 581, current objective function:178875324.3403129, length of gradient 2425.6334435
Iteration 582, current objective function:178875691.5656601, length of gradient 2424.2731394
Iteration 583, current objective function:178876058.4583176, length of gradient 2423.1206305
Iteration 584, current objective function:178876425.0855083, length of gradient 2422.1870269
Iteration 585, current objective function:178876791.5174619, length of gradient 2421.4827119
Iteration 586, current objective function:178877157.8272638, length of gradient 2421.0174229
Iteration 587, current objective function:178877524.0906874, length of gradient 2420.8003117
Iteration 588, current objective function:178877890.3860521, length of gradient 2420.8399781
Iteration 589, current objective function:178878256.7940844, length of gradient 2421.1444778
Iteration 590, current objective function:178878623.3977709, length of gradient 2421.7213049
Iteration 591, current objective function:178878990.2822058, length of gradient 2422.5773544
Iteration 592, current objective function:178879357.5344204, length of gradient 2423.7188717
Iteration 593, current objective function:178879725.2431974, length of gradient 2425.1513991
Iteration 594, current objective function:178880093.4988838, length of gradient 2426.8797300
Iteration 595, current objective function:178880462.3931871, length of gradient 2428.9078797
Iteration 596, current objective function:178880832.0189757, length of gradient 2431.2390817
Iteration 597, current objective function:178881202.4700906, length of gradient 2433.8758157
Iteration 598, current objective function:178881573.8411819, length of gradient 2436.8198663
Iteration 599, current objective function:178881946.2275719, length of gradient 2440.0724126
Iteration 600, current objective function:178882319.7251404, length of gradient 2443.6341381
Iteration 601, current objective function:178882694.4302679, length of gradient 2447.5053528
Iteration 602, current objective function:178883070.4397947, length of gradient 2451.6861098
Iteration 603, current objective function:178883447.8510126, length of gradient 2456.1763035
Iteration 604, current objective function:178883826.7616789, length of gradient 2460.9757301
Iteration 605, current objective function:178884207.2700116, length of gradient 2466.0840980
Iteration 606, current objective function:178884589.4746828, length of gradient 2471.5009749
Iteration 607, current objective function:178884973.4747469, length of gradient 2477.2256667
Iteration 608, current objective function:178885359.3695270, length of gradient 2483.2570261
Iteration 609, current objective function:178885747.2583874, length of gradient 2489.5931990
Iteration 610, current objective function:178886137.2404404, length of gradient 2496.2313203
Iteration 611, current objective function:178886529.4140999, length of gradient 2503.1671792
Iteration 612, current objective function:178886923.8765541, length of gradient 2510.3948763
Iteration 613, current objective function:178887320.7231225, length of gradient 2517.9065009
Iteration 614, current objective function:178887720.0465024, length of gradient 2525.6918527
Iteration 615, current objective function:178888121.9359561, length of gradient 2533.7382332
Iteration 616, current objective function:178888526.4764486, length of gradient 2542.0303268
Iteration 617, current objective function:178888933.7477681, length of gradient 2550.5501859
Iteration 618, current objective function:178889343.8236723, length of gradient 2559.2773270
Iteration 619, current objective function:178889756.7710859, length of gradient 2568.1889377
Iteration 620, current objective function:178890172.6493846, length of gradient 2577.2601897
Iteration 621, current objective function:178890591.5098184, length of gradient 2586.4646446
Iteration 622, current objective function:178891013.3950657, length of gradient 2595.7747369
Iteration 623, current objective function:178891438.3389630, length of gradient 2605.1623152
Iteration 624, current objective function:178891866.3664215, length of gradient 2614.5992201
Iteration 625, current objective function:178892297.4935408, length of gradient 2624.0578775
Iteration 626, current objective function:178892731.7279070, length of gradient 2633.5118853
Iteration 627, current objective function:178893169.0690912, length of gradient 2642.9365737
Iteration 628, current objective function:178893609.5093152, length of gradient 2652.3095175
Iteration 629, current objective function:178894053.0342758, length of gradient 2661.6109827
Iteration 630, current objective function:178894499.6241146, length of gradient 2670.8242890
Iteration 631, current objective function:178894949.2544596, length of gradient 2679.9360717
Iteration 632, current objective function:178895401.8975522, length of gradient 2688.9364268
Iteration 633, current objective function:178895857.5233596, length of gradient 2697.8189256
Iteration 634, current objective function:178896316.1006858, length of gradient 2706.5804882
Iteration 635, current objective function:178896777.5981691, length of gradient 2715.2211071
Iteration 636, current objective function:178897241.9851437, length of gradient 2723.7434241
Iteration 637, current objective function:178897709.2323169, length of gradient 2732.1521680
Iteration 638, current objective function:178898179.3122242, length of gradient 2740.4534802
Iteration 639, current objective function:178898652.1994101, length of gradient 2748.6541632
Iteration 640, current objective function:178899127.8703592, length of gradient 2756.7609059
Iteration 641, current objective function:178899606.3031769, length of gradient 2764.7795470
Iteration 642, current objective function:178900087.4770553, length of gradient 2772.7144422
Iteration 643, current objective function:178900571.3715852, length of gradient 2780.5679961
Iteration 644, current objective function:178901057.9659946, length of gradient 2788.3404082
Iteration 645, current objective function:178901547.2383827, length of gradient 2796.0296560
Iteration 646, current objective function:178902039.1650552, length of gradient 2803.6317170
Iteration 647, current objective function:178902533.7199956, length of gradient 2811.1409950
Iteration 648, current objective function:178903030.8745564, length of gradient 2818.5508934
Iteration 649, current objective function:178903530.5973666, length of gradient 2825.8544552
Iteration 650, current objective function:178904032.8544466, length of gradient 2833.0449841
Iteration 651, current objective function:178904537.6095090, length of gradient 2840.1165692
Iteration 652, current objective function:178905044.8243779, length of gradient 2847.0644602
Iteration 653, current objective function:178905554.4594761, length of gradient 2853.8852760
Iteration 654, current objective function:178906066.4743255, length of gradient 2860.5770643
Iteration 655, current objective function:178906580.8280495, length of gradient 2867.1392624
Iteration 656, current objective function:178907097.4798289, length of gradient 2873.5726188
Iteration 657, current objective function:178907616.3893764, length of gradient 2879.8791312
Iteration 658, current objective function:178908137.5173852, length of gradient 2886.0620342
Iteration 659, current objective function:178908660.8260228, length of gradient 2892.1258430
Iteration 660, current objective function:178909186.2794520, length of gradient 2898.0764329
Iteration 661, current objective function:178909713.8443751, length of gradient 2903.9211192
Iteration 662, current objective function:178910243.4906018, length of gradient 2909.6686974
Iteration 663, current objective function:178910775.1916042, length of gradient 2915.3294102
Iteration 664, current objective function:178911308.9249882, length of gradient 2920.9148170
Iteration 665, current objective function:178911844.6729131, length of gradient 2926.4375494
Iteration 666, current objective function:178912382.4223283, length of gradient 2931.9109457
Iteration 667, current objective function:178912922.1650553, length of gradient 2937.3485676
Iteration 668, current objective function:178913463.8976075, length of gradient 2942.7636133
Iteration 669, current objective function:178914007.6208198, length of gradient 2948.1682591
Iteration 670, current objective function:178914553.3391601, length of gradient 2953.5729784
Iteration 671, current objective function:178915101.0598515, length of gradient 2958.9858997
Iteration 672, current objective function:178915650.7917878, length of gradient 2964.4122699
Iteration 673, current objective function:178916202.5443114, length of gradient 2969.8540829
Iteration 674, current objective function:178916756.3259547, length of gradient 2975.3099255
Iteration 675, current objective function:178917312.1432398, length of gradient 2980.7750686
Iteration 676, current objective function:178917869.9995841, length of gradient 2986.2418146
Iteration 677, current objective function:178918429.8944720, length of gradient 2991.7000875
Iteration 678, current objective function:178918991.8229234, length of gradient 2997.1382221
Iteration 679, current objective function:178919555.7752803, length of gradient 3002.5438887
Iteration 680, current objective function:178920121.7374067, length of gradient 3007.9050698
Iteration 681, current objective function:178920689.6911973, length of gradient 3013.2110037
Iteration 682, current objective function:178921259.6154124, length of gradient 3018.4530261
Iteration 683, current objective function:178921831.4867795, length of gradient 3023.6252696
Iteration 684, current objective function:178922405.2812845, length of gradient 3028.7252126
Iteration 685, current objective function:178922980.9756176, length of gradient 3033.7540895
Iteration 686, current objective function:178923558.5487492, length of gradient 3038.7171774
Iteration 687, current objective function:178924137.9835382, length of gradient 3043.6239569
Iteration 688, current objective function:178924719.2683493, length of gradient 3048.4881159
Iteration 689, current objective function:178925302.3985885, length of gradient 3053.3273461
Iteration 690, current objective function:178925887.3780130, length of gradient 3058.1628746
Iteration 691, current objective function:178926474.2197672, length of gradient 3063.0186956
Iteration 692, current objective function:178927062.9469601, length of gradient 3067.9205037
Iteration 693, current objective function:178927653.5927401, length of gradient 3072.8943785
Iteration 694, current objective function:178928246.1997962, length of gradient 3077.9653057
Iteration 695, current objective function:178928840.8192520, length of gradient 3083.1556422
Iteration 696, current objective function:178929437.5090233, length of gradient 3088.4836260
Iteration 697, current objective function:178930036.3316088, length of gradient 3093.9620109
Iteration 698, current objective function:178930637.3514490, length of gradient 3099.5968713
Iteration 699, current objective function:178931240.6318860, length of gradient 3105.3865972
Iteration 700, current objective function:178931846.2317736, length of gradient 3111.3210780
Iteration 701, current objective function:178932454.2018585, length of gradient 3117.3810755
Iteration 702, current objective function:178933064.5809599, length of gradient 3123.5377956
Iteration 703, current objective function:178933677.3920536, length of gradient 3129.7526888
Iteration 704, current objective function:178934292.6383953, length of gradient 3135.9775234
Iteration 705, current objective function:178934910.2997644, length of gradient 3142.1547771
Iteration 706, current objective function:178935530.3290358, length of gradient 3148.2183877
Iteration 707, current objective function:178936152.6491834, length of gradient 3154.0948743
Iteration 708, current objective function:178936777.1509105, length of gradient 3159.7048142
Iteration 709, current objective function:178937403.6909941, length of gradient 3164.9646302
Iteration 710, current objective function:178938032.0914998, length of gradient 3169.7886245
Iteration 711, current objective function:178938662.1399135, length of gradient 3174.0911942
Iteration 712, current objective function:178939293.5902723, length of gradient 3177.7891749
Iteration 713, current objective function:178939926.1653456, length of gradient 3180.8042782
Iteration 714, current objective function:178940559.5598880, length of gradient 3183.0656056
Iteration 715, current objective function:178941193.4449994, length of gradient 3184.5122128
Iteration 716, current objective function:178941827.4735671, length of gradient 3185.0956710
Iteration 717, current objective function:178942461.2867028, length of gradient 3184.7825108
Iteration 718, current objective function:178943094.5210389, length of gradient 3183.5563767
Iteration 719, current objective function:178943726.8165964, length of gradient 3181.4196631
Iteration 720, current objective function:178944357.8249057, length of gradient 3178.3943975
Iteration 721, current objective function:178944987.2169173, length of gradient 3174.5221732
Iteration 722, current objective function:178945614.6902992, length of gradient 3169.8630307
Iteration 723, current objective function:178946239.9756761, length of gradient 3164.4933150
Iteration 724, current objective function:178946862.8414936, length of gradient 3158.5026740
Iteration 725, current objective function:178947483.0973499, length of gradient 3151.9904757
Iteration 726, current objective function:178948100.5957076, length of gradient 3145.0619872
Iteration 727, current objective function:178948715.2321200, length of gradient 3137.8246657
Iteration 728, current objective function:178949326.9441658, length of gradient 3130.3848595
Iteration 729, current objective function:178949935.7093989, length of gradient 3122.8451302
Iteration 730, current objective function:178950541.5425983, length of gradient 3115.3023006
Iteration 731, current objective function:178951144.4926531, length of gradient 3107.8462310
Iteration 732, current objective function:178951744.6392931, length of gradient 3100.5592459
Iteration 733, current objective function:178952342.0899193, length of gradient 3093.5160795
Iteration 734, current objective function:178952936.9765942, length of gradient 3086.7841875
Iteration 735, current objective function:178953529.4533240, length of gradient 3080.4242736
Iteration 736, current objective function:178954119.6936382, length of gradient 3074.4909030
Iteration 737, current objective function:178954707.8884145, length of gradient 3069.0331060
Iteration 738, current objective function:178955294.2439725, length of gradient 3064.0949113
Iteration 739, current objective function:178955878.9803591, length of gradient 3059.7157834
Iteration 740, current objective function:178956462.3297960, length of gradient 3055.9309634
Iteration 741, current objective function:178957044.5352600, length of gradient 3052.7717375
Iteration 742, current objective function:178957625.8491809, length of gradient 3050.2656604
Iteration 743, current objective function:178958206.5322532, length of gradient 3048.4367717
Iteration 744, current objective function:178958786.8523672, length of gradient 3047.3058330
Iteration 745, current objective function:178959367.0836608, length of gradient 3046.8906105
Iteration 746, current objective function:178959947.5057514, length of gradient 3047.2062152
Iteration 747, current objective function:178960528.4031133, length of gradient 3048.2655074
Iteration 748, current objective function:178961110.0646534, length of gradient 3050.0795610
Iteration 749, current objective function:178961692.7835219, length of gradient 3052.6581813
Iteration 750, current objective function:178962276.8571160, length of gradient 3056.0104661
Iteration 751, current objective function:178962862.5873406, length of gradient 3060.1453994
Iteration 752, current objective function:178963450.2811006, length of gradient 3065.0724670
Iteration 753, current objective function:178964040.2510685, length of gradient 3070.8022790
Iteration 754, current objective function:178964632.8166678, length of gradient 3077.3471815
Iteration 755, current objective function:178965228.3053107, length of gradient 3084.7218270
Iteration 756, current objective function:178965827.0538243, length of gradient 3092.9436620
Iteration 757, current objective function:178966429.4100463, length of gradient 3102.0332751
Iteration 758, current objective function:178967035.7344594, length of gradient 3112.0145344
Iteration 759, current objective function:178967646.4018053, length of gradient 3122.9144388
Iteration 760, current objective function:178968261.8024956, length of gradient 3134.7626083
Iteration 761, current objective function:178968882.3436615, length of gradient 3147.5903499
Iteration 762, current objective function:178969508.4496632, length of gradient 3161.4292575
Iteration 763, current objective function:178970140.5618175, length of gradient 3176.3093291
Iteration 764, current objective function:178970779.1371834, length of gradient 3192.2566097
Iteration 765, current objective function:178971424.6461639, length of gradient 3209.2903974
Iteration 766, current objective function:178972077.5687261, length of gradient 3227.4200643
Iteration 767, current objective function:178972738.3890908, length of gradient 3246.6415681
Iteration 768, current objective function:178973407.5886999, length of gradient 3266.9337445
Iteration 769, current objective function:178974085.6373704, length of gradient 3288.2544933
Iteration 770, current objective function:178974772.9825538, length of gradient 3310.5369990
Iteration 771, current objective function:178975470.0367022, length of gradient 3333.6861644
Iteration 772, current objective function:178976177.1628885, length of gradient 3357.5754791
Iteration 773, current objective function:178976894.6588858, length of gradient 3382.0445930
Iteration 774, current objective function:178977622.7401390, length of gradient 3406.8979003
Iteration 775, current objective function:178978361.5222353, length of gradient 3431.9044627
Iteration 776, current objective function:178979111.0036582, length of gradient 3456.7995875
Iteration 777, current objective function:178979871.0498048, length of gradient 3481.2883388
Iteration 778, current objective function:178980641.3794148, length of gradient 3505.0511927
Iteration 779, current objective function:178981421.5546810, length of gradient 3527.7519696
Iteration 780, current objective function:178982210.9763936, length of gradient 3549.0481011
Iteration 781, current objective function:178983008.8854613, length of gradient 3568.6032156
Iteration 782, current objective function:178983814.3721434, length of gradient 3586.1019550
Iteration 783, current objective function:178984626.3940916, length of gradient 3601.2668248
Iteration 784, current objective function:178985443.8041195, length of gradient 3613.8766999
Iteration 785, current objective function:178986265.3879386, length of gradient 3623.7862936
Iteration 786, current objective function:178987089.9114962, length of gradient 3630.9454250
Iteration 787, current objective function:178987916.1763632, length of gradient 3635.4162941
Iteration 788, current objective function:178988743.0803629, length of gradient 3637.3863472
Iteration 789, current objective function:178989569.6793476, length of gradient 3637.1739239
Iteration 790, current objective function:178990395.2449164, length of gradient 3635.2240697
Iteration 791, current objective function:178991219.3126634, length of gradient 3632.0929005
Iteration 792, current objective function:178992041.7160226, length of gradient 3628.4206777
Iteration 793, current objective function:178992862.6025392, length of gradient 3624.8958977
Iteration 794, current objective function:178993682.4314919, length of gradient 3622.2145422
Iteration 795, current objective function:178994501.9542101, length of gradient 3621.0395520
Iteration 796, current objective function:178995322.1803305, length of gradient 3621.9652485
Iteration 797, current objective function:178996144.3340815, length of gradient 3625.4900069
Iteration 798, current objective function:178996969.8049166, length of gradient 3631.9985011
Iteration 799, current objective function:178997800.0959046, length of gradient 3641.7529091
Iteration 800, current objective function:178998636.7721677, length of gradient 3654.8910674
Iteration 801, current objective function:178999481.4103124, length of gradient 3671.4288957
Iteration 802, current objective function:179000335.5485763, length of gradient 3691.2644600
Iteration 803, current objective function:179001200.6367901, length of gradient 3714.1816588
Iteration 804, current objective function:179002077.9848288, length of gradient 3739.8525317
Iteration 805, current objective function:179002968.7087837, length of gradient 3767.8384452
Iteration 806, current objective function:179003873.6750112, length of gradient 3797.5917542
Iteration 807, current objective function:179004793.4440625, length of gradient 3828.4607260
Iteration 808, current objective function:179005728.2184278, length of gradient 3859.7012118
Iteration 809, current objective function:179006677.8000919, length of gradient 3890.4983046
Iteration 810, current objective function:179007641.5648122, length of gradient 3919.9996519
Iteration 811, current objective function:179008618.4595441, length of gradient 3947.3591938
Iteration 812, current objective function:179009607.0266460, length of gradient 3971.7865029
Iteration 813, current objective function:179010605.4541770, length of gradient 3992.5939299
Iteration 814, current objective function:179011611.6468041, length of gradient 4009.2329514
Iteration 815, current objective function:179012623.3082649, length of gradient 4021.3133693
Iteration 816, current objective function:179013638.0255225, length of gradient 4028.6038258
Iteration 817, current objective function:179014653.3467278, length of gradient 4031.0174400
Iteration 818, current objective function:179015666.8487329, length of gradient 4028.5897517
Iteration 819, current objective function:179016676.1934541, length of gradient 4021.4561739
Iteration 820, current objective function:179017679.1744666, length of gradient 4009.8334291
Iteration 821, current objective function:179018673.7556784, length of gradient 3994.0060328
Iteration 822, current objective function:179019658.1033945, length of gradient 3974.3166471
Iteration 823, current objective function:179020630.6124343, length of gradient 3951.1585165
Iteration 824, current objective function:179021589.9263020, length of gradient 3924.9684377
Iteration 825, current objective function:179022534.9509237, length of gradient 3896.2189130
Iteration 826, current objective function:179023464.8610033, length of gradient 3865.4081017
Iteration 827, current objective function:179024379.0977017, length of gradient 3833.0463697
Iteration 828, current objective function:179025277.3565554, length of gradient 3799.6390675
Iteration 829, current objective function:179026159.5653720, length of gradient 3765.6665498
Iteration 830, current objective function:179027025.8530904, length of gradient 3731.5637773
Iteration 831, current objective function:179027876.5118873, length of gradient 3697.7024591
Iteration 832, current objective function:179028711.9556388, length of gradient 3664.3783025
Iteration 833, current objective function:179029532.6781092, length of gradient 3631.8047453
Iteration 834, current objective function:179030339.2136762, length of gradient 3600.1131112
Iteration 835, current objective function:179031132.1026455, length of gradient 3569.3580021
Iteration 836, current objective function:179031911.8622979, length of gradient 3539.5262504
Iteration 837, current objective function:179032678.9640601, length of gradient 3510.5479332
Iteration 838, current objective function:179033433.8170176, length of gradient 3482.3085422
Iteration 839, current objective function:179034176.7577456, length of gradient 3454.6620602
Iteration 840, current objective function:179034908.0466813, length of gradient 3427.4450418
Iteration 841, current objective function:179035627.8710570, length of gradient 3400.4916549
Iteration 842, current objective function:179036336.3541201, length of gradient 3373.6490395
Iteration 843, current objective function:179037033.5697346, length of gradient 3346.7915531
Iteration 844, current objective function:179037719.5605362, length of gradient 3319.8318722
Iteration 845, current objective function:179038394.3571836, length of gradient 3292.7268616
Iteration 846, current objective function:179039057.9958320, length of gradient 3265.4767988
Iteration 847, current objective function:179039710.5312918, length of gradient 3238.1178698
Iteration 848, current objective function:179040352.0442289, length of gradient 3210.7094312
Iteration 849, current objective function:179040982.6419382, length of gradient 3183.3187646
Iteration 850, current objective function:179041602.4536075, length of gradient 3156.0064522
Iteration 851, current objective function:179042211.6217137, length of gradient 3128.8149561
Iteration 852, current objective function:179042810.2916164, length of gradient 3101.7618241
Iteration 853, current objective function:179043398.6012512, length of gradient 3074.8377144
Iteration 854, current objective function:179043976.6723867, length of gradient 3048.0085487
Iteration 855, current objective function:179044544.6044532, length of gradient 3021.2207176
Iteration 856, current objective function:179045102.4714657, length of gradient 2994.4082784
Iteration 857, current objective function:179045650.3222651, length of gradient 2967.5013073
Iteration 858, current objective function:179046188.1840574, length of gradient 2940.4347594
Iteration 859, current objective function:179046716.0688779, length of gradient 2913.1571182
Iteration 860, current objective function:179047233.9822162, length of gradient 2885.6377288
Iteration 861, current objective function:179047741.9325443, length of gradient 2857.8713142
Iteration 862, current objective function:179048239.9400627, length of gradient 2829.8782886
Iteration 863, current objective function:179048728.0431966, length of gradient 2801.7004499
Iteration 864, current objective function:179049206.3018546, length of gradient 2773.3931530
Iteration 865, current objective function:179049674.7975239, length of gradient 2745.0163428
Iteration 866, current objective function:179050133.6310545, length of gradient 2716.6271217
Iteration 867, current objective function:179050582.9194701, length of gradient 2688.2756878
Iteration 868, current objective function:179051022.7930796, length of gradient 2660.0050271
Iteration 869, current objective function:179051453.3936405, length of gradient 2631.8534070
Iteration 870, current objective function:179051874.8737723, length of gradient 2603.8580485
Iteration 871, current objective function:179052287.3973527, length of gradient 2576.0584180
Iteration 872, current objective function:179052691.1403292, length of gradient 2548.4981359
Iteration 873, current objective function:179053086.2914122, length of gradient 2521.2251820
Iteration 874, current objective function:179053473.0522372, length of gradient 2494.2906192
Iteration 875, current objective function:179053851.6367747, length of gradient 2467.7463496
Iteration 876, current objective function:179054222.2699659, length of gradient 2441.6424835
Iteration 877, current objective function:179054585.1856758, length of gradient 2416.0248148
Iteration 878, current objective function:179054940.6242160, length of gradient 2390.9327481
Iteration 879, current objective function:179055288.8295849, length of gradient 2366.3978594
Iteration 880, current objective function:179055630.0467069, length of gradient 2342.4431379
Iteration 881, current objective function:179055964.5188048, length of gradient 2319.0828551
Iteration 882, current objective function:179056292.4850639, length of gradient 2296.3229490
Iteration 883, current objective function:179056614.1786366, length of gradient 2274.1617853
Iteration 884, current objective function:179056929.8250404, length of gradient 2252.5911591
Iteration 885, current objective function:179057239.6409646, length of gradient 2231.5974168
Iteration 886, current objective function:179057543.8334385, length of gradient 2211.1626038
Iteration 887, current objective function:179057842.5993320, length of gradient 2191.2655684
Iteration 888, current objective function:179058136.1251583, length of gradient 2171.8829755
Iteration 889, current objective function:179058424.5871026, length of gradient 2152.9902041
Iteration 890, current objective function:179058708.1512514, length of gradient 2134.5621125
Iteration 891, current objective function:179058986.9739763, length of gradient 2116.5736693
Iteration 892, current objective function:179059261.2024013, length of gradient 2099.0004499
Iteration 893, current objective function:179059530.9749649, length of gradient 2081.8190081
Iteration 894, current objective function:179059796.4219903, length of gradient 2065.0071291
Iteration 895, current objective function:179060057.6662883, length of gradient 2048.5439788
Iteration 896, current objective function:179060314.8237324, length of gradient 2032.4101610
Iteration 897, current objective function:179060568.0038006, length of gradient 2016.5876981
Iteration 898, current objective function:179060817.3100849, length of gradient 2001.0599501
Iteration 899, current objective function:179061062.8407284, length of gradient 1985.8114877
Iteration 900, current objective function:179061304.6888429, length of gradient 1970.8279347
Iteration 901, current objective function:179061542.9428106, length of gradient 1956.0957931
Iteration 902, current objective function:179061777.6865895, length of gradient 1941.6022647
Iteration 903, current objective function:179062008.9999389, length of gradient 1927.3350790
Iteration 904, current objective function:179062236.9585982, length of gradient 1913.2823373
Iteration 905, current objective function:179062461.6344451, length of gradient 1899.4323797
Iteration 906, current objective function:179062683.0956104, length of gradient 1885.7736796
Iteration 907, current objective function:179062901.4065927, length of gradient 1872.2947688
Iteration 908, current objective function:179063116.6283346, length of gradient 1858.9841945
Iteration 909, current objective function:179063328.8183244, length of gradient 1845.8305070
Iteration 910, current objective function:179063538.0306803, length of gradient 1832.8222775
Iteration 911, current objective function:179063744.3162509, length of gradient 1819.9481413
Iteration 912, current objective function:179063947.7227329, length of gradient 1807.1968647
Iteration 913, current objective function:179064148.2948004, length of gradient 1794.5574295

1 structures generated in: 11.54 minutes 
