Reading input ...
Performing normalization ...
Writing out ...

Reading parameters for genome..........................

Finish reading parameters for genome.

Reading contact data, this probably takes some time !...........................

Finish reading contact data.

Reading files takes: 4 seconds 
Number of processors:16
Learning rate is:6.25E-5
Iteration 1, current objective function:65659115.5767205, length of gradient 18960.6863912
Iteration 2, current objective function:65665247.3292248, length of gradient 11486.6928881
Iteration 3, current objective function:65669605.3505276, length of gradient 8710.2781835
Iteration 4, current objective function:65673307.0306668, length of gradient 7194.3430238
Iteration 5, current objective function:65676696.0023491, length of gradient 6292.0215919
Iteration 6, current objective function:65679912.6251778, length of gradient 5740.0506591
Iteration 7, current objective function:65683022.7623580, length of gradient 5397.4810391
Iteration 8, current objective function:65686059.6326287, length of gradient 5180.8604245
Iteration 9, current objective function:65689040.5875064, length of gradient 5039.6226798
Iteration 10, current objective function:65691974.7716672, length of gradient 4943.2035418
Iteration 11, current objective function:65694866.9406878, length of gradient 4873.2643012
Iteration 12, current objective function:65697719.4860619, length of gradient 4818.8757701
Iteration 13, current objective function:65700533.5656536, length of gradient 4773.5736340
Iteration 14, current objective function:65703309.7665360, length of gradient 4733.5857250
Iteration 15, current objective function:65706048.5185913, length of gradient 4696.7775722
Iteration 16, current objective function:65708750.3781480, length of gradient 4662.0330122
Iteration 17, current objective function:65711416.2543797, length of gradient 4628.8987987
Iteration 18, current objective function:65714047.6303835, length of gradient 4597.3952211
Iteration 19, current objective function:65716646.8286841, length of gradient 4567.9397557
Iteration 20, current objective function:65719217.3834407, length of gradient 4541.3642211
Iteration 21, current objective function:65721764.6184514, length of gradient 4519.0330131
Iteration 22, current objective function:65724296.6056738, length of gradient 4503.1067012
Iteration 23, current objective function:65726825.8377749, length of gradient 4497.0510139
Iteration 24, current objective function:65729372.2695877, length of gradient 4506.5972964
Iteration 25, current objective function:65731969.0264979, length of gradient 4541.5368962
Iteration 26, current objective function:65734673.1971390, length of gradient 4618.9402758
Iteration 27, current objective function:65737585.2589614, length of gradient 4768.0838633
Iteration 28, current objective function:65740878.3296243, length of gradient 5034.3626934
Iteration 29, current objective function:65744826.4378469, length of gradient 5471.2359140
Iteration 30, current objective function:65749819.1649167, length of gradient 6115.9735271
Iteration 31, current objective function:65756264.1891997, length of gradient 6975.9276380
Iteration 32, current objective function:65763631.0929087, length of gradient 7711.4574686
Iteration 33, current objective function:65770334.5708342, length of gradient 7484.9616453
Iteration 34, current objective function:65776442.0352539, length of gradient 7061.2765841
Iteration 35, current objective function:65782304.6955426, length of gradient 6944.2361666
Iteration 36, current objective function:65788138.0235184, length of gradient 7003.3669779
Iteration 37, current objective function:65793949.5070732, length of gradient 7800.3091101
Iteration 38, current objective function:65800076.4958152, length of gradient 9016.1823530
Learning rate is:3.125E-5
Iteration 39, current objective function:65797329.8138004, length of gradient 15304.6600241
Iteration 40, current objective function:65811310.1505576, length of gradient 25180.4011293
Iteration 41, current objective function:65817489.0478164, length of gradient 11202.6309920
Iteration 42, current objective function:65821881.0616383, length of gradient 8457.9727864
Iteration 43, current objective function:65826070.7956135, length of gradient 8225.4043407
Iteration 44, current objective function:65830160.4004479, length of gradient 8108.1143241
Iteration 45, current objective function:65834212.8751356, length of gradient 8057.6652717
Iteration 46, current objective function:65838272.1407900, length of gradient 8055.1946788
Iteration 47, current objective function:65842371.1244903, length of gradient 8086.3868277
Iteration 48, current objective function:65846543.9451669, length of gradient 8149.6509333
Iteration 49, current objective function:65850832.7794330, length of gradient 8251.1523682
Iteration 50, current objective function:65855284.9658770, length of gradient 8397.5856874
Iteration 51, current objective function:65859931.1507200, length of gradient 8577.9034808
Iteration 52, current objective function:65864763.2827797, length of gradient 8756.7440736
Iteration 53, current objective function:65869741.1707990, length of gradient 8899.9029252
Iteration 54, current objective function:65874816.5130402, length of gradient 8997.9780416
Iteration 55, current objective function:65879937.4746940, length of gradient 9050.9949897
Iteration 56, current objective function:65885045.7472996, length of gradient 9052.5676906
Iteration 57, current objective function:65890088.0639266, length of gradient 9003.9118381
Iteration 58, current objective function:65895032.5313097, length of gradient 8919.1503722
Iteration 59, current objective function:65899886.6093844, length of gradient 8830.2852343
Iteration 60, current objective function:65904696.2440663, length of gradient 8776.0371030
Iteration 61, current objective function:65909525.2672303, length of gradient 8778.6281749
Iteration 62, current objective function:65914435.8627130, length of gradient 8839.8855878
Iteration 63, current objective function:65919477.7226480, length of gradient 8948.7782061
Iteration 64, current objective function:65924684.9737701, length of gradient 9089.8173230
Iteration 65, current objective function:65930078.3368139, length of gradient 9248.9884360
Iteration 66, current objective function:65935670.7737867, length of gradient 9417.3496686
Iteration 67, current objective function:65941473.3752903, length of gradient 9592.0211940
Iteration 68, current objective function:65947496.2996414, length of gradient 9772.4308890
Iteration 69, current objective function:65953744.7453365, length of gradient 9955.1776081
Iteration 70, current objective function:65960217.0682414, length of gradient 10134.3296819
Iteration 71, current objective function:65966910.8778882, length of gradient 10307.5213611
Iteration 72, current objective function:65973833.1230337, length of gradient 10480.7234222
Iteration 73, current objective function:65981001.3105095, length of gradient 10663.3374192
Iteration 74, current objective function:65988430.3443313, length of gradient 10856.2752472
Iteration 75, current objective function:65996118.1259169, length of gradient 11048.0296423
Iteration 76, current objective function:66004047.2479549, length of gradient 11225.3926007
Iteration 77, current objective function:66012201.2560111, length of gradient 11386.5448854
Iteration 78, current objective function:66020576.5854708, length of gradient 11540.4278209
Iteration 79, current objective function:66029181.6932513, length of gradient 11696.5694286
Iteration 80, current objective function:66038031.0718272, length of gradient 11860.1531668
Iteration 81, current objective function:66047133.7930675, length of gradient 12030.3116910
Iteration 82, current objective function:66056472.2184764, length of gradient 12192.3944431
Iteration 83, current objective function:66065994.4590083, length of gradient 12323.3317356
Iteration 84, current objective function:66075615.8384802, length of gradient 12405.8471572
Iteration 85, current objective function:66085182.5561328, length of gradient 12404.1762352
Iteration 86, current objective function:66094465.0925255, length of gradient 12258.3817591
Iteration 87, current objective function:66103266.6860369, length of gradient 11961.8343727
Iteration 88, current objective function:66111520.3826145, length of gradient 11587.1652775
Iteration 89, current objective function:66119280.0291042, length of gradient 11222.4442450
Iteration 90, current objective function:66126657.6707473, length of gradient 10924.4253747
Iteration 91, current objective function:66133762.4831406, length of gradient 10705.1596628
Iteration 92, current objective function:66140670.8134379, length of gradient 10546.7296870
Iteration 93, current objective function:66147422.8459235, length of gradient 10423.3208896
Iteration 94, current objective function:66154027.9928758, length of gradient 10310.8965323
Iteration 95, current objective function:66160474.5513049, length of gradient 10190.5986558
Iteration 96, current objective function:66166745.1237379, length of gradient 10054.2805972
Iteration 97, current objective function:66172830.2912620, length of gradient 9906.0509421
Iteration 98, current objective function:66178731.5970389, length of gradient 9755.1301936
Iteration 99, current objective function:66184455.5154060, length of gradient 9607.1785272
Iteration 100, current objective function:66190006.8304158, length of gradient 9461.7913717
Iteration 101, current objective function:66195386.9630728, length of gradient 9315.8811374
Iteration 102, current objective function:66200596.7503596, length of gradient 9168.0185476
Iteration 103, current objective function:66205640.5369278, length of gradient 9020.3360388
Iteration 104, current objective function:66210529.7110694, length of gradient 8878.5156009
Iteration 105, current objective function:66215284.7542040, length of gradient 8750.9697547
Iteration 106, current objective function:66219934.6721207, length of gradient 8646.7287667
Iteration 107, current objective function:66224514.0271793, length of gradient 8572.6851444
Iteration 108, current objective function:66229059.4420602, length of gradient 8532.3595500
Iteration 109, current objective function:66233605.8470618, length of gradient 8525.7455247
Iteration 110, current objective function:66238180.7150820, length of gradient 8547.5806164
Iteration 111, current objective function:66242797.3525200, length of gradient 8585.7731775
Iteration 112, current objective function:66247451.2767946, length of gradient 8623.7854355
Iteration 113, current objective function:66252122.0071059, length of gradient 8645.6856144
Iteration 114, current objective function:66256780.0328095, length of gradient 8641.1262079
Iteration 115, current objective function:66261396.1337648, length of gradient 8608.2615776
Iteration 116, current objective function:66265948.4302416, length of gradient 8552.6023541
Iteration 117, current objective function:66270424.5353445, length of gradient 8482.7548228
Iteration 118, current objective function:66274820.1960627, length of gradient 8406.6129030
Iteration 119, current objective function:66279137.3665881, length of gradient 8330.3657101
Iteration 120, current objective function:66283382.6106182, length of gradient 8258.8900338
Iteration 121, current objective function:66287565.0509793, length of gradient 8195.4357682
Iteration 122, current objective function:66291693.6185842, length of gradient 8140.7011222
Iteration 123, current objective function:66295774.9448079, length of gradient 8092.8205778
Iteration 124, current objective function:66299813.6292022, length of gradient 8049.4936951
Iteration 125, current objective function:66303814.1106469, length of gradient 8010.1774557
Iteration 126, current objective function:66307782.0019786, length of gradient 7975.9215384
Iteration 127, current objective function:66311724.6475939, length of gradient 7948.4184205
Iteration 128, current objective function:66315651.5119825, length of gradient 7929.8114756
Iteration 129, current objective function:66319574.1229529, length of gradient 7922.3721383
Iteration 130, current objective function:66323505.1364351, length of gradient 7927.6492529
Iteration 131, current objective function:66327456.3996172, length of gradient 7945.4270990
Iteration 132, current objective function:66331436.2846274, length of gradient 7972.8414929
Iteration 133, current objective function:66335447.2340604, length of gradient 8004.3284259
Iteration 134, current objective function:66339484.8958022, length of gradient 8032.9508475
Iteration 135, current objective function:66343539.8320167, length of gradient 8052.8974050
Iteration 136, current objective function:66347601.3876107, length of gradient 8061.9076568
Iteration 137, current objective function:66351661.9152613, length of gradient 8062.0913818
Iteration 138, current objective function:66355719.4421000, length of gradient 8058.7510587
Iteration 139, current objective function:66359777.8565173, length of gradient 8058.0048543
Iteration 140, current objective function:66363844.9263760, length of gradient 8064.4195287
Iteration 141, current objective function:66367929.3451257, length of gradient 8079.6051715
Iteration 142, current objective function:66372038.9727196, length of gradient 8102.6818243
Iteration 143, current objective function:66376183.1558984, length of gradient 8133.7235745
Iteration 144, current objective function:66380379.9095455, length of gradient 8178.9618228
Iteration 145, current objective function:66384664.0092412, length of gradient 8252.9457620
Iteration 146, current objective function:66389089.6617180, length of gradient 8374.1289779
Iteration 147, current objective function:66393722.0847518, length of gradient 8554.6784126
Iteration 148, current objective function:66398613.6044161, length of gradient 8786.6375805
Iteration 149, current objective function:66403767.5575062, length of gradient 9030.7506672
Iteration 150, current objective function:66409114.0553281, length of gradient 9223.2891744
Iteration 151, current objective function:66414531.5908917, length of gradient 9312.3277463
Iteration 152, current objective function:66419904.5086589, length of gradient 9293.4859098
Iteration 153, current objective function:66425167.8369471, length of gradient 9204.4490222
Iteration 154, current objective function:66430320.5159982, length of gradient 9100.7677723
Iteration 155, current objective function:66435406.3840093, length of gradient 9029.6511660
Iteration 156, current objective function:66440474.9170375, length of gradient 9006.0474672
Iteration 157, current objective function:66445544.7459776, length of gradient 9009.3100824
Iteration 158, current objective function:66450585.0551696, length of gradient 8996.2930225
Iteration 159, current objective function:66455527.6541182, length of gradient 8926.1674280
Iteration 160, current objective function:66460309.6389024, length of gradient 8790.8286108
Iteration 161, current objective function:66464912.7160361, length of gradient 8624.0143877
Iteration 162, current objective function:66469361.2217979, length of gradient 8470.6406307
Iteration 163, current objective function:66473688.4155099, length of gradient 8348.7618147
Iteration 164, current objective function:66477911.1304620, length of gradient 8246.3133381
Iteration 165, current objective function:66482032.2476005, length of gradient 8146.6226657
Iteration 166, current objective function:66486057.9159251, length of gradient 8048.9699403
Iteration 167, current objective function:66490007.4095657, length of gradient 7966.3191051
Iteration 168, current objective function:66493908.3280004, length of gradient 7910.3121622
Iteration 169, current objective function:66497784.3893690, length of gradient 7880.7888648
Iteration 170, current objective function:66501644.5165429, length of gradient 7865.0844901
Iteration 171, current objective function:66505477.7500994, length of gradient 7843.2362324
Iteration 172, current objective function:66509256.3608629, length of gradient 7795.9242977
Iteration 173, current objective function:66512946.4272129, length of gradient 7712.9923847
Iteration 174, current objective function:66516518.4598869, length of gradient 7596.0828031
Iteration 175, current objective function:66519950.8582580, length of gradient 7452.2221917
Iteration 176, current objective function:66523228.8728244, length of gradient 7287.5670641
Iteration 177, current objective function:66526344.9664818, length of gradient 7108.3330410
Iteration 178, current objective function:66529300.1833066, length of gradient 6923.0731221
Iteration 179, current objective function:66532104.2367967, length of gradient 6741.8231057
Iteration 180, current objective function:66534773.9903364, length of gradient 6574.3932814
Iteration 181, current objective function:66537330.4260812, length of gradient 6428.0448236
Iteration 182, current objective function:66539795.8601672, length of gradient 6306.5646354
Iteration 183, current objective function:66542192.2604024, length of gradient 6211.5121241
Iteration 184, current objective function:66544539.0232270, length of gradient 6141.6886377
Iteration 185, current objective function:66546850.8053981, length of gradient 6091.9787454
Iteration 186, current objective function:66549138.9537377, length of gradient 6057.1312035
Iteration 187, current objective function:66551416.0404824, length of gradient 6037.7082819
Iteration 188, current objective function:66553696.8797876, length of gradient 6037.8728884
Iteration 189, current objective function:66555993.3539122, length of gradient 6055.9923069
Iteration 190, current objective function:66558309.2728445, length of gradient 6082.0527698
Iteration 191, current objective function:66560640.3220129, length of gradient 6104.5310940
Iteration 192, current objective function:66562976.4657200, length of gradient 6115.3661046
Iteration 193, current objective function:66565303.5506350, length of gradient 6108.7394111
Iteration 194, current objective function:66567605.9515500, length of gradient 6081.2075022
Iteration 195, current objective function:66569871.7602486, length of gradient 6035.4976509
Iteration 196, current objective function:66572096.5734525, length of gradient 5981.0334180
Iteration 197, current objective function:66574280.9651121, length of gradient 5926.3817280
Iteration 198, current objective function:66576424.1341204, length of gradient 5871.5824247
Iteration 199, current objective function:66578521.4086993, length of gradient 5810.6519315
Iteration 200, current objective function:66580568.4145967, length of gradient 5741.6413833
Iteration 201, current objective function:66582565.5032819, length of gradient 5670.5067427
Iteration 202, current objective function:66584516.1220127, length of gradient 5603.3440079
Iteration 203, current objective function:66586422.5898328, length of gradient 5539.4969836
Iteration 204, current objective function:66588286.4792398, length of gradient 5476.6714641
Iteration 205, current objective function:66590111.9101851, length of gradient 5417.9323761
Iteration 206, current objective function:66591905.4211932, length of gradient 5368.0092985
Iteration 207, current objective function:66593673.1638023, length of gradient 5327.5181552
Iteration 208, current objective function:66595419.2612078, length of gradient 5293.8202439
Iteration 209, current objective function:66597145.6501519, length of gradient 5263.6205458
Iteration 210, current objective function:66598852.6987876, length of gradient 5234.1493635
Iteration 211, current objective function:66600540.5264311, length of gradient 5204.4794509
Iteration 212, current objective function:66602209.7877995, length of gradient 5175.5316147
Iteration 213, current objective function:66603860.8242471, length of gradient 5147.3714418
Iteration 214, current objective function:66605493.1267997, length of gradient 5118.3350304
Iteration 215, current objective function:66607107.2615506, length of gradient 5088.9350416
Iteration 216, current objective function:66608706.9868259, length of gradient 5063.9834981
Iteration 217, current objective function:66610298.3125098, length of gradient 5048.2154218
Iteration 218, current objective function:66611886.6901787, length of gradient 5041.8168916
Iteration 219, current objective function:66613475.5902008, length of gradient 5041.6823414
Iteration 220, current objective function:66615066.9042657, length of gradient 5045.0608746
Iteration 221, current objective function:66616660.8633620, length of gradient 5049.7555707
Iteration 222, current objective function:66618254.5699255, length of gradient 5051.4208339
Iteration 223, current objective function:66619841.6961999, length of gradient 5043.9532507
Iteration 224, current objective function:66621415.6377670, length of gradient 5025.0079253
Iteration 225, current objective function:66622973.4022187, length of gradient 4999.3317611
Iteration 226, current objective function:66624515.8630461, length of gradient 4973.9188332
Iteration 227, current objective function:66626045.2162204, length of gradient 4951.9331725
Iteration 228, current objective function:66627563.6205861, length of gradient 4933.2588585
Iteration 229, current objective function:66629074.1409139, length of gradient 4918.7745209
Iteration 230, current objective function:66630581.8235504, length of gradient 4911.6198454
Iteration 231, current objective function:66632093.4268322, length of gradient 4914.9985050
Iteration 232, current objective function:66633616.4088656, length of gradient 4930.4411388
Iteration 233, current objective function:66635158.0944079, length of gradient 4957.8413794
Iteration 234, current objective function:66636725.3031184, length of gradient 4996.2533432
Iteration 235, current objective function:66638324.3068491, length of gradient 5044.5276107
Iteration 236, current objective function:66639960.9865402, length of gradient 5101.6758984
Iteration 237, current objective function:66641641.1080304, length of gradient 5167.1142845
Iteration 238, current objective function:66643370.5086598, length of gradient 5240.6479032
Iteration 239, current objective function:66645154.7038456, length of gradient 5321.8263146
Iteration 240, current objective function:66646997.4580093, length of gradient 5408.4154735
Iteration 241, current objective function:66648899.2441163, length of gradient 5495.6243369
Iteration 242, current objective function:66650857.8930840, length of gradient 5578.7466521
Iteration 243, current objective function:66652871.7181196, length of gradient 5657.4223075
Iteration 244, current objective function:66654941.8319851, length of gradient 5735.5308453
Iteration 245, current objective function:66657071.5311060, length of gradient 5816.7537589
Iteration 246, current objective function:66659264.4211840, length of gradient 5901.9342998
Iteration 247, current objective function:66661523.3180948, length of gradient 5990.0155094
Iteration 248, current objective function:66663849.7865278, length of gradient 6079.4063905
Iteration 249, current objective function:66666243.2103655, length of gradient 6167.6762063
Iteration 250, current objective function:66668699.4175822, length of gradient 6250.6944597
Iteration 251, current objective function:66671210.3669056, length of gradient 6323.4956671
Iteration 252, current objective function:66673765.9617944, length of gradient 6382.9506645
Iteration 253, current objective function:66676357.0668869, length of gradient 6429.6897281
Iteration 254, current objective function:66678977.8899722, length of gradient 6467.6558882
Iteration 255, current objective function:66681626.6807962, length of gradient 6502.0781408
Iteration 256, current objective function:66684304.8059082, length of gradient 6537.3296663
Iteration 257, current objective function:66687015.0238836, length of gradient 6575.6029313
Iteration 258, current objective function:66689760.2927600, length of gradient 6617.2341322
Iteration 259, current objective function:66692543.4193884, length of gradient 6662.1054100
Iteration 260, current objective function:66695365.9699062, length of gradient 6709.2692306
Iteration 261, current objective function:66698226.5738337, length of gradient 6755.4466400
Iteration 262, current objective function:66701121.9250239, length of gradient 6797.3860672
Iteration 263, current objective function:66704050.0209671, length of gradient 6836.0576070
Iteration 264, current objective function:66707009.5845652, length of gradient 6873.5447441
Iteration 265, current objective function:66709995.9314416, length of gradient 6906.8417193
Iteration 266, current objective function:66713000.7683542, length of gradient 6930.8075756
Iteration 267, current objective function:66716016.0104301, length of gradient 6944.8799434
Iteration 268, current objective function:66719035.5030355, length of gradient 6951.1346804
Iteration 269, current objective function:66722057.2631967, length of gradient 6953.2012293
Iteration 270, current objective function:66725086.0151021, length of gradient 6959.0140477
Iteration 271, current objective function:66728130.0333066, length of gradient 6974.0830193
Iteration 272, current objective function:66731198.9362289, length of gradient 6999.3716878
Iteration 273, current objective function:66734306.0304541, length of gradient 7038.4895413
Iteration 274, current objective function:66737467.7207905, length of gradient 7095.4475698
Iteration 275, current objective function:66740703.8785424, length of gradient 7172.2732129
Iteration 276, current objective function:66744044.7141346, length of gradient 7277.7615700
Iteration 277, current objective function:66747532.6599467, length of gradient 7425.3650082
Iteration 278, current objective function:66751213.6818467, length of gradient 7619.5174650
Iteration 279, current objective function:66755123.7513491, length of gradient 7850.9872700
Iteration 280, current objective function:66759262.1288494, length of gradient 8090.4503363
Iteration 281, current objective function:66763536.9211076, length of gradient 8266.1432941
Iteration 282, current objective function:66767706.4404648, length of gradient 8242.8761917
Iteration 283, current objective function:66771461.9772993, length of gradient 7893.4870453
Iteration 284, current objective function:66774685.9670106, length of gradient 7322.2911870
Iteration 285, current objective function:66777483.8452929, length of gradient 6794.5870883
Iteration 286, current objective function:66779994.4563535, length of gradient 6410.5033907
Iteration 287, current objective function:66782312.2888507, length of gradient 6141.8265844
Iteration 288, current objective function:66784494.1437549, length of gradient 5947.6743488
Iteration 289, current objective function:66786574.4221976, length of gradient 5800.2500346
Iteration 290, current objective function:66788575.2090817, length of gradient 5683.2226905
Iteration 291, current objective function:66790512.0698853, length of gradient 5587.6822203
Iteration 292, current objective function:66792397.1884655, length of gradient 5509.0601927
Iteration 293, current objective function:66794240.9159308, length of gradient 5445.0395942
Iteration 294, current objective function:66796052.4383640, length of gradient 5394.2736853
Iteration 295, current objective function:66797840.0109002, length of gradient 5355.7114809
Iteration 296, current objective function:66799610.9903180, length of gradient 5328.2818668
Iteration 297, current objective function:66801371.7585809, length of gradient 5310.7339370
Iteration 298, current objective function:66803127.5729541, length of gradient 5301.5356119
Iteration 299, current objective function:66804882.3769105, length of gradient 5298.8191043
Iteration 300, current objective function:66806638.6264114, length of gradient 5300.4018858
Iteration 301, current objective function:66808397.2016206, length of gradient 5303.9092367
Iteration 302, current objective function:66810157.4687196, length of gradient 5306.9941016
Iteration 303, current objective function:66811917.5291101, length of gradient 5307.6162034
Iteration 304, current objective function:66813674.6506571, length of gradient 5304.3232921
Iteration 305, current objective function:66815425.8167182, length of gradient 5296.4600479
Iteration 306, current objective function:66817168.2622708, length of gradient 5284.2071033
Iteration 307, current objective function:66818899.8483115, length of gradient 5268.3901533
Iteration 308, current objective function:66820619.2092391, length of gradient 5250.1428392
Iteration 309, current objective function:66822325.7397867, length of gradient 5230.6245878
Iteration 310, current objective function:66824019.5473741, length of gradient 5210.9279551
Iteration 311, current objective function:66825701.4439262, length of gradient 5192.1314185
Iteration 312, current objective function:66827372.9619084, length of gradient 5175.3563710
Iteration 313, current objective function:66829036.3348938, length of gradient 5161.7328743
Iteration 314, current objective function:66830694.3999029, length of gradient 5152.2803046
Iteration 315, current objective function:66832350.4213363, length of gradient 5147.7685290
Iteration 316, current objective function:66834007.8680669, length of gradient 5148.6201286
Iteration 317, current objective function:66835670.1866502, length of gradient 5154.8816792
Iteration 318, current objective function:66837340.6109363, length of gradient 5166.2664422
Iteration 319, current objective function:66839022.0310854, length of gradient 5182.2484956
Iteration 320, current objective function:66840716.9051727, length of gradient 5202.1537837
Iteration 321, current objective function:66842427.1385652, length of gradient 5225.1595019
Iteration 322, current objective function:66844153.8090457, length of gradient 5250.1177660
Iteration 323, current objective function:66845896.6274863, length of gradient 5275.1924371
Iteration 324, current objective function:66847653.1528880, length of gradient 5297.4522174
Iteration 325, current objective function:66849418.0544384, length of gradient 5312.7766484
Iteration 326, current objective function:66851183.0080050, length of gradient 5316.5384218
Iteration 327, current objective function:66852937.7864615, length of gradient 5305.2035787
Iteration 328, current objective function:66854672.4792964, length of gradient 5278.1755971
Iteration 329, current objective function:66856379.8988860, length of gradient 5238.5889341
Iteration 330, current objective function:66858056.9829195, length of gradient 5192.2951325
Iteration 331, current objective function:66859704.7394701, length of gradient 5145.7388830
Iteration 332, current objective function:66861327.2404540, length of gradient 5104.2033458
Iteration 333, current objective function:66862930.4780156, length of gradient 5071.2415330
Iteration 334, current objective function:66864521.5655179, length of gradient 5049.0259433
Iteration 335, current objective function:66866108.3092554, length of gradient 5038.9179783
Iteration 336, current objective function:66867698.9202543, length of gradient 5041.7565411
Iteration 337, current objective function:66869301.5991732, length of gradient 5057.7221748
Iteration 338, current objective function:66870923.8423562, length of gradient 5085.9152641
Iteration 339, current objective function:66872571.5325241, length of gradient 5123.9783104
Iteration 340, current objective function:66874248.1232421, length of gradient 5168.1656260
Iteration 341, current objective function:66875954.3473328, length of gradient 5214.0974779
Iteration 342, current objective function:66877688.7067623, length of gradient 5257.9893336
Iteration 343, current objective function:66879448.5727538, length of gradient 5297.7100380
Iteration 344, current objective function:66881231.3570408, length of gradient 5333.0450832
Iteration 345, current objective function:66883035.2111050, length of gradient 5365.0686223
Iteration 346, current objective function:66884859.0445648, length of gradient 5395.0860542
Iteration 347, current objective function:66886702.0489435, length of gradient 5423.7727737
Iteration 348, current objective function:66888563.1156925, length of gradient 5450.8917249
Iteration 349, current objective function:66890440.4763826, length of gradient 5475.5615561
Iteration 350, current objective function:66892331.6792074, length of gradient 5496.7655726
Iteration 351, current objective function:66894233.8081492, length of gradient 5513.7653607
Iteration 352, current objective function:66896143.7607286, length of gradient 5526.2382739
Iteration 353, current objective function:66898058.4695374, length of gradient 5534.1981332
Iteration 354, current objective function:66899975.1023614, length of gradient 5537.9221797
Iteration 355, current objective function:66901891.3488523, length of gradient 5538.0436076
Iteration 356, current objective function:66903805.8186376, length of gradient 5535.7395852
Iteration 357, current objective function:66905718.4207155, length of gradient 5532.7806662
Iteration 358, current objective function:66907630.5401983, length of gradient 5531.2961037
Iteration 359, current objective function:66909544.9275713, length of gradient 5533.3614923
Iteration 360, current objective function:66911465.2886344, length of gradient 5540.5718754
Iteration 361, current objective function:66913395.4560010, length of gradient 5553.5051779
Iteration 362, current objective function:66915337.9394268, length of gradient 5570.8749583
Iteration 363, current objective function:66917292.0062440, length of gradient 5588.6859876
Iteration 364, current objective function:66919252.2724590, length of gradient 5600.4925387
Iteration 365, current objective function:66921209.2577848, length of gradient 5599.7615076
Iteration 366, current objective function:66923152.2171510, length of gradient 5583.3710760
Iteration 367, current objective function:66925072.4588693, length of gradient 5553.1422358
Iteration 368, current objective function:66926965.2726769, length of gradient 5514.2868758
Iteration 369, current objective function:66928829.9301947, length of gradient 5472.9185529
Iteration 370, current objective function:66930667.3531927, length of gradient 5432.7125726
Iteration 371, current objective function:66932477.1155737, length of gradient 5392.3914508
Iteration 372, current objective function:66934257.6046575, length of gradient 5349.2030222
Iteration 373, current objective function:66936008.9604713, length of gradient 5304.7048517
Iteration 374, current objective function:66937733.8515860, length of gradient 5263.3505871
Iteration 375, current objective function:66939434.8767707, length of gradient 5226.3784510
Iteration 376, current objective function:66941112.2013939, length of gradient 5190.5363349
Iteration 377, current objective function:66942763.3231958, length of gradient 5151.5113977
Iteration 378, current objective function:66944383.0405325, length of gradient 5105.3143809
Iteration 379, current objective function:66945962.7021984, length of gradient 5046.3072389
Iteration 380, current objective function:66947492.2529140, length of gradient 4969.8314623
Iteration 381, current objective function:66948965.4261346, length of gradient 4879.3513201
Iteration 382, current objective function:66950381.5960733, length of gradient 4784.2465257
Iteration 383, current objective function:66951742.7999409, length of gradient 4690.4154245
Iteration 384, current objective function:66953051.2740967, length of gradient 4598.5537881
Iteration 385, current objective function:66954309.9747921, length of gradient 4509.3360495
Iteration 386, current objective function:66955523.7123395, length of gradient 4426.1594880
Iteration 387, current objective function:66956698.4140100, length of gradient 4352.2895662
Iteration 388, current objective function:66957839.1768503, length of gradient 4287.5321642
Iteration 389, current objective function:66958949.1206293, length of gradient 4228.6504867
Iteration 390, current objective function:66960029.9280790, length of gradient 4172.4868699
Iteration 391, current objective function:66961083.1428286, length of gradient 4118.3823977
Iteration 392, current objective function:66962110.4383862, length of gradient 4067.0132923
Iteration 393, current objective function:66963112.6225834, length of gradient 4017.3281496
Iteration 394, current objective function:66964089.1871565, length of gradient 3966.4525531
Iteration 395, current objective function:66965039.5609664, length of gradient 3913.2257520
Iteration 396, current objective function:66965964.5635675, length of gradient 3860.1208653
Iteration 397, current objective function:66966865.9362213, length of gradient 3809.9975492
Iteration 398, current objective function:66967744.3886669, length of gradient 3761.8163711
Iteration 399, current objective function:66968598.6363298, length of gradient 3711.1176577
Iteration 400, current objective function:66969426.8945539, length of gradient 3655.2567384
Iteration 401, current objective function:66970229.2044445, length of gradient 3597.1523878
Iteration 402, current objective function:66971007.8016777, length of gradient 3542.3138061
Iteration 403, current objective function:66971765.4144881, length of gradient 3493.2760270
Iteration 404, current objective function:66972503.5390351, length of gradient 3448.0480847
Iteration 405, current objective function:66973222.1439404, length of gradient 3402.7971469
Iteration 406, current objective function:66973920.7768027, length of gradient 3355.5940648
Iteration 407, current objective function:66974599.8278667, length of gradient 3307.9141309
Iteration 408, current objective function:66975260.6812388, length of gradient 3262.5574378
Iteration 409, current objective function:66975904.8302297, length of gradient 3220.5866450
Iteration 410, current objective function:66976533.0304027, length of gradient 3180.5699973
Iteration 411, current objective function:66977145.2772850, length of gradient 3140.3159981
Iteration 412, current objective function:66977741.5409742, length of gradient 3099.1381975
Iteration 413, current objective function:66978322.5392761, length of gradient 3058.6254855
Iteration 414, current objective function:66978889.8915815, length of gradient 3021.3755630
Iteration 415, current objective function:66979445.6507597, length of gradient 2989.1252027
Iteration 416, current objective function:66979991.6652793, length of gradient 2961.8748412
Iteration 417, current objective function:66980529.1609192, length of gradient 2938.2154609
Iteration 418, current objective function:66981058.6998377, length of gradient 2916.2878387
Iteration 419, current objective function:66981580.4794892, length of gradient 2894.8235767
Iteration 420, current objective function:66982094.7458912, length of gradient 2873.7137867
Iteration 421, current objective function:66982602.0177064, length of gradient 2853.7037196
Iteration 422, current objective function:66983102.9925972, length of gradient 2835.4939403
Iteration 423, current objective function:66983598.2892449, length of gradient 2819.0764219
Iteration 424, current objective function:66984088.2817288, length of gradient 2803.8171677
Iteration 425, current objective function:66984573.1521139, length of gradient 2789.0650641
Iteration 426, current objective function:66985053.0740572, length of gradient 2774.6695463
Iteration 427, current objective function:66985528.3215421, length of gradient 2760.9270082
Iteration 428, current objective function:66985999.1717915, length of gradient 2748.0108379
Iteration 429, current objective function:66986465.6717544, length of gradient 2735.4358774
Iteration 430, current objective function:66986927.4779532, length of gradient 2722.0902125
Iteration 431, current objective function:66987383.9384670, length of gradient 2706.8761723
Iteration 432, current objective function:66987834.3909709, length of gradient 2689.4659150
Iteration 433, current objective function:66988278.4623166, length of gradient 2670.5249451
Iteration 434, current objective function:66988716.1597283, length of gradient 2651.2120552
Iteration 435, current objective function:66989147.7358220, length of gradient 2632.4317482
Iteration 436, current objective function:66989573.4777355, length of gradient 2614.4478234
Iteration 437, current objective function:66989993.5762782, length of gradient 2597.0218918
Iteration 438, current objective function:66990408.1294538, length of gradient 2579.8224547
Iteration 439, current objective function:66990817.2313747, length of gradient 2562.7603312
Iteration 440, current objective function:66991221.0509358, length of gradient 2546.0403786
Iteration 441, current objective function:66991619.8310623, length of gradient 2529.9455426
Iteration 442, current objective function:66992013.8121164, length of gradient 2514.5600392
Iteration 443, current objective function:66992403.1441465, length of gradient 2499.6605793
Iteration 444, current objective function:66992787.8618483, length of gradient 2484.8613099
Iteration 445, current objective function:66993167.9553277, length of gradient 2469.9207473
Iteration 446, current objective function:66993543.5082188, length of gradient 2455.0155541
Iteration 447, current objective function:66993914.8326473, length of gradient 2440.8069578
Iteration 448, current objective function:66994282.5391084, length of gradient 2428.2715123
Iteration 449, current objective function:66994647.5289837, length of gradient 2418.4332271
Iteration 450, current objective function:66995010.9425662, length of gradient 2412.1693946
Iteration 451, current objective function:66995374.1042840, length of gradient 2410.1583648
Iteration 452, current objective function:66995738.4882616, length of gradient 2412.9253381
Iteration 453, current objective function:66996105.7069634, length of gradient 2420.9123327
Iteration 454, current objective function:66996477.5177362, length of gradient 2434.5322933
Iteration 455, current objective function:66996855.8476048, length of gradient 2454.2142050
Iteration 456, current objective function:66997242.8508629, length of gradient 2480.4791600
Iteration 457, current objective function:66997641.0288256, length of gradient 2514.0940063
Iteration 458, current objective function:66998053.4424379, length of gradient 2556.3113918
Iteration 459, current objective function:66998484.0196407, length of gradient 2609.1114532
Iteration 460, current objective function:66998937.8979608, length of gradient 2675.2524068
Iteration 461, current objective function:66999421.6734504, length of gradient 2757.9191465
Iteration 462, current objective function:66999943.3719188, length of gradient 2859.8788878
Iteration 463, current objective function:67000511.8657391, length of gradient 2982.1371279
Iteration 464, current objective function:67001135.2078352, length of gradient 3121.8525815
Iteration 465, current objective function:67001817.1693050, length of gradient 3269.1088897
Iteration 466, current objective function:67002552.7402780, length of gradient 3404.5234595
Iteration 467, current objective function:67003327.5222745, length of gradient 3505.8484859
Iteration 468, current objective function:67004124.3687916, length of gradient 3564.9422721
Iteration 469, current objective function:67004929.3810166, length of gradient 3589.9389757
Iteration 470, current objective function:67005731.0374170, length of gradient 3589.1445030
Iteration 471, current objective function:67006515.3778242, length of gradient 3559.7314484
Iteration 472, current objective function:67007263.7876361, length of gradient 3489.7114055
Iteration 473, current objective function:67007957.9073074, length of gradient 3370.9788438
Iteration 474, current objective function:67008592.1396599, length of gradient 3222.5333683
Iteration 475, current objective function:67009175.2288214, length of gradient 3084.7443832
Iteration 476, current objective function:67009717.7869351, length of gradient 2971.7179956
Iteration 477, current objective function:67010227.1804906, length of gradient 2876.5001809
Iteration 478, current objective function:67010709.6000167, length of gradient 2795.9308278
Iteration 479, current objective function:67011170.5610666, length of gradient 2730.3766928
Iteration 480, current objective function:67011613.2337375, length of gradient 2675.1080962
Iteration 481, current objective function:67012037.9933100, length of gradient 2621.4870904
Iteration 482, current objective function:67012444.1524230, length of gradient 2564.3904604
Iteration 483, current objective function:67012831.9047974, length of gradient 2505.4644625
Iteration 484, current objective function:67013202.5696249, length of gradient 2448.9053770
Iteration 485, current objective function:67013557.5979204, length of gradient 2396.2498332
Iteration 486, current objective function:67013897.8427527, length of gradient 2345.9341207
Iteration 487, current objective function:67014223.6580678, length of gradient 2295.9475984
Iteration 488, current objective function:67014535.4376691, length of gradient 2245.9498334
Iteration 489, current objective function:67014834.0068216, length of gradient 2197.3544462
Iteration 490, current objective function:67015120.6168138, length of gradient 2152.0297521
Iteration 491, current objective function:67015396.6939805, length of gradient 2111.1294361
Iteration 492, current objective function:67015663.5931015, length of gradient 2074.8209919
Iteration 493, current objective function:67015922.4724376, length of gradient 2042.6314215
Iteration 494, current objective function:67016174.2807965, length of gradient 2013.8932428
Iteration 495, current objective function:67016419.8048884, length of gradient 1988.0384618
Iteration 496, current objective function:67016659.7318793, length of gradient 1964.7133251
Iteration 497, current objective function:67016894.7008986, length of gradient 1943.7685115
Iteration 498, current objective function:67017125.3346399, length of gradient 1925.1915515
Iteration 499, current objective function:67017352.2540078, length of gradient 1909.0357525
Iteration 500, current objective function:67017576.0838470, length of gradient 1895.3758402
Iteration 501, current objective function:67017797.4571240, length of gradient 1884.2952138
Iteration 502, current objective function:67018017.0214492, length of gradient 1875.8933207
Iteration 503, current objective function:67018235.4481472, length of gradient 1870.2972264
Iteration 504, current objective function:67018453.4416687, length of gradient 1867.6650978
Iteration 505, current objective function:67018671.7461851, length of gradient 1868.1756481
Iteration 506, current objective function:67018891.1463383, length of gradient 1872.0032413
Iteration 507, current objective function:67019112.4599357, length of gradient 1879.2822790
Iteration 508, current objective function:67019336.5213766, length of gradient 1890.0666568
Iteration 509, current objective function:67019564.1552599, length of gradient 1904.2896983
Iteration 510, current objective function:67019796.1382930, length of gradient 1921.7240168
Iteration 511, current objective function:67020033.1423725, length of gradient 1941.9257935
Iteration 512, current objective function:67020275.6429747, length of gradient 1964.1302097
Iteration 513, current objective function:67020523.7755783, length of gradient 1987.0769007
Iteration 514, current objective function:67020777.1528161, length of gradient 2008.8408214
Iteration 515, current objective function:67021034.7305770, length of gradient 2026.9199560
Iteration 516, current objective function:67021294.8760105, length of gradient 2038.8766540
Iteration 517, current objective function:67021555.7084847, length of gradient 2043.3977968
Iteration 518, current objective function:67021815.5331021, length of gradient 2040.9029681
Iteration 519, current objective function:67022073.0519098, length of gradient 2032.9151714
Iteration 520, current objective function:67022327.2708385, length of gradient 2020.7685750
Iteration 521, current objective function:67022577.3439629, length of gradient 2005.0611073
Iteration 522, current objective function:67022822.5930147, length of gradient 1986.2450922
Iteration 523, current objective function:67023062.6715190, length of gradient 1965.4035048
Iteration 524, current objective function:67023297.6706947, length of gradient 1944.2621984
Iteration 525, current objective function:67023528.0499371, length of gradient 1924.5113685
Iteration 526, current objective function:67023754.4534354, length of gradient 1907.1821704
Iteration 527, current objective function:67023977.5388152, length of gradient 1892.5382789
Iteration 528, current objective function:67024197.8875892, length of gradient 1880.3606757
Iteration 529, current objective function:67024415.9940496, length of gradient 1870.3019081
Iteration 530, current objective function:67024632.2941541, length of gradient 1862.1058766
Iteration 531, current objective function:67024847.1960193, length of gradient 1855.6531949
Iteration 532, current objective function:67025061.0915847, length of gradient 1850.8926559
Iteration 533, current objective function:67025274.3500528, length of gradient 1847.7524781
Iteration 534, current objective function:67025487.3068845, length of gradient 1846.1029550
Iteration 535, current objective function:67025700.2629620, length of gradient 1845.7892047
Iteration 536, current objective function:67025913.4990430, length of gradient 1846.7012007
Iteration 537, current objective function:67026127.2972018, length of gradient 1848.8216287
Iteration 538, current objective function:67026341.9511236, length of gradient 1852.2000507
Iteration 539, current objective function:67026557.7470952, length of gradient 1856.8409754
Iteration 540, current objective function:67026774.9088229, length of gradient 1862.5455402
Iteration 541, current objective function:67026993.5184025, length of gradient 1868.7865826
Iteration 542, current objective function:67027213.4459523, length of gradient 1874.7074397
Iteration 543, current objective function:67027434.3305043, length of gradient 1879.3020704
Iteration 544, current objective function:67027655.6389462, length of gradient 1881.7391267
Iteration 545, current objective function:67027876.7818943, length of gradient 1881.6535783
Iteration 546, current objective function:67028097.2139743, length of gradient 1879.1679707
Iteration 547, current objective function:67028316.4445589, length of gradient 1874.5631489
Iteration 548, current objective function:67028533.9503838, length of gradient 1867.8169957
Iteration 549, current objective function:67028749.0623426, length of gradient 1858.3756038
Iteration 550, current objective function:67028960.9289035, length of gradient 1845.3674325
Iteration 551, current objective function:67029168.6131238, length of gradient 1828.1558866
Iteration 552, current objective function:67029371.2846691, length of gradient 1806.8605305
Iteration 553, current objective function:67029568.3936378, length of gradient 1782.4570090
Iteration 554, current objective function:67029759.7292689, length of gradient 1756.3828805
Iteration 555, current objective function:67029945.3567152, length of gradient 1729.9700662
Iteration 556, current objective function:67030125.4969226, length of gradient 1704.0828463
Iteration 557, current objective function:67030300.4176211, length of gradient 1679.0741078
Iteration 558, current objective function:67030470.3670063, length of gradient 1654.9384783
Iteration 559, current objective function:67030635.5497721, length of gradient 1631.5069164
Iteration 560, current objective function:67030796.1314630, length of gradient 1608.5968782
Iteration 561, current objective function:67030952.2557406, length of gradient 1586.0950187
Iteration 562, current objective function:67031104.0627106, length of gradient 1563.9799432
Iteration 563, current objective function:67031251.7014001, length of gradient 1542.3039864
Iteration 564, current objective function:67031395.3342057, length of gradient 1521.1559937
Iteration 565, current objective function:67031535.1346019, length of gradient 1500.6241991
Iteration 566, current objective function:67031671.2810569, length of gradient 1480.7709147
Iteration 567, current objective function:67031803.9500918, length of gradient 1461.6222476
Iteration 568, current objective function:67031933.3104863, length of gradient 1443.1699553
Iteration 569, current objective function:67032059.5195358, length of gradient 1425.3801699
Iteration 570, current objective function:67032182.7213928, length of gradient 1408.2041787
Iteration 571, current objective function:67032303.0470841, length of gradient 1391.5881197
Iteration 572, current objective function:67032420.6156177, length of gradient 1375.4801177
Iteration 573, current objective function:67032535.5356387, length of gradient 1359.8345638
Iteration 574, current objective function:67032647.9072071, length of gradient 1344.6138982
Iteration 575, current objective function:67032757.8234111, length of gradient 1329.7885408
Iteration 576, current objective function:67032865.3716693, length of gradient 1315.3356676
Iteration 577, current objective function:67032970.6346713, length of gradient 1301.2374553
Iteration 578, current objective function:67033073.6909916, length of gradient 1287.4792722
Iteration 579, current objective function:67033174.6154410, length of gradient 1274.0481262
Iteration 580, current objective function:67033273.4792388, length of gradient 1260.9315220
Iteration 581, current objective function:67033370.3500878, length of gradient 1248.1167579
Iteration 582, current objective function:67033465.2922016, length of gradient 1235.5906030
Iteration 583, current objective function:67033558.3663412, length of gradient 1223.3392629
Iteration 584, current objective function:67033649.6298753, length of gradient 1211.3485271
Iteration 585, current objective function:67033739.1368698, length of gradient 1199.6040060
Iteration 586, current objective function:67033826.9382200, length of gradient 1188.0913892
Iteration 587, current objective function:67033913.0818030, length of gradient 1176.7966781
Iteration 588, current objective function:67033997.6126505, length of gradient 1165.7063678
Iteration 589, current objective function:67034080.5731315, length of gradient 1154.8075687
Iteration 590, current objective function:67034162.0031294, length of gradient 1144.0880695
Iteration 591, current objective function:67034241.9402189, length of gradient 1133.5363492
Iteration 592, current objective function:67034320.4198235, length of gradient 1123.1415492
Iteration 593, current objective function:67034397.4753655, length of gradient 1112.8934179
Iteration 594, current objective function:67034473.1383957, length of gradient 1102.7822413
Iteration 595, current objective function:67034547.4387083, length of gradient 1092.7987691
Iteration 596, current objective function:67034620.4044465, length of gradient 1082.9341485
Iteration 597, current objective function:67034692.0621963, length of gradient 1073.1798728
Iteration 598, current objective function:67034762.4370706, length of gradient 1063.5277510
Iteration 599, current objective function:67034831.5527975, length of gradient 1053.9699035
Iteration 600, current objective function:67034899.4318034, length of gradient 1044.4987848
Iteration 601, current objective function:67034966.0953033, length of gradient 1035.1072329
Iteration 602, current objective function:67035031.5633992, length of gradient 1025.7885440
Iteration 603, current objective function:67035095.8551826, length of gradient 1016.5365660
Iteration 604, current objective function:67035158.9888560, length of gradient 1007.3458072
Iteration 605, current objective function:67035220.9818512, length of gradient 998.2115500
Iteration 606, current objective function:67035281.8509715, length of gradient 989.1299630
Iteration 607, current objective function:67035341.6125260, length of gradient 980.0982019
Iteration 608, current objective function:67035400.2824759, length of gradient 971.1144909
Iteration 609, current objective function:67035457.8765784, length of gradient 962.1781768
Iteration 610, current objective function:67035514.4105235, length of gradient 953.2897499
Iteration 611, current objective function:67035569.9000641, length of gradient 944.4508284
Iteration 612, current objective function:67035624.3611290, length of gradient 935.6641036
Iteration 613, current objective function:67035677.8099246, length of gradient 926.9332488
Iteration 614, current objective function:67035730.2630095, length of gradient 918.2627943
Iteration 615, current objective function:67035781.7373529, length of gradient 909.6579764
Iteration 616, current objective function:67035832.2503682, length of gradient 901.1245656
Iteration 617, current objective function:67035881.8199221, length of gradient 892.6686857
Iteration 618, current objective function:67035930.4643267, length of gradient 884.2966301
Iteration 619, current objective function:67035978.2023094, length of gradient 876.0146862
Iteration 620, current objective function:67036025.0529681, length of gradient 867.8289728
Iteration 621, current objective function:67036071.0357142, length of gradient 859.7452988
Iteration 622, current objective function:67036116.1702034, length of gradient 851.7690442
Iteration 623, current objective function:67036160.4762658, length of gradient 843.9050689
Iteration 624, current objective function:67036203.9738255, length of gradient 836.1576464
Iteration 625, current objective function:67036246.6828291, length of gradient 828.5304235
Iteration 626, current objective function:67036288.6231666, length of gradient 821.0264030
Iteration 627, current objective function:67036329.8146072, length of gradient 813.6479460
Iteration 628, current objective function:67036370.2767314, length of gradient 806.3967913
Iteration 629, current objective function:67036410.0288750, length of gradient 799.2740871
Iteration 630, current objective function:67036449.0900790, length of gradient 792.2804332
Iteration 631, current objective function:67036487.4790446, length of gradient 785.4159283
Iteration 632, current objective function:67036525.2140994, length of gradient 778.6802224
Iteration 633, current objective function:67036562.3131668, length of gradient 772.0725692
Iteration 634, current objective function:67036598.7937436, length of gradient 765.5918786
Iteration 635, current objective function:67036634.6728839, length of gradient 759.2367673
Iteration 636, current objective function:67036669.9671857, length of gradient 753.0056065
Iteration 637, current objective function:67036704.6927871, length of gradient 746.8965654
Iteration 638, current objective function:67036738.8653607, length of gradient 740.9076515
Iteration 639, current objective function:67036772.5001147, length of gradient 735.0367462
Iteration 640, current objective function:67036805.6117986, length of gradient 729.2816365
Iteration 641, current objective function:67036838.2147058, length of gradient 723.6400427
Iteration 642, current objective function:67036870.3226850, length of gradient 718.1096422
Iteration 643, current objective function:67036901.9491459, length of gradient 712.6880898
Iteration 644, current objective function:67036933.1070744, length of gradient 707.3730351
Iteration 645, current objective function:67036963.8090389, length of gradient 702.1621366
Iteration 646, current objective function:67036994.0672082, length of gradient 697.0530735
Iteration 647, current objective function:67037023.8933582, length of gradient 692.0435551
Iteration 648, current objective function:67037053.2988890, length of gradient 687.1313287
Iteration 649, current objective function:67037082.2948367, length of gradient 682.3141849
Iteration 650, current objective function:67037110.8918844, length of gradient 677.5899624
Iteration 651, current objective function:67037139.1003774, length of gradient 672.9565510

1 structures generated in: 2.54 minutes 
